31-Jul-2015 00:32:40.459 INFO [Thread-5] org.apache.coyote.AbstractProtocol.pause Pausing ProtocolHandler ["http-nio-8080"]
31-Jul-2015 00:32:40.510 INFO [Thread-5] org.apache.coyote.AbstractProtocol.pause Pausing ProtocolHandler ["ajp-nio-8009"]
31-Jul-2015 00:32:40.561 INFO [Thread-5] org.apache.catalina.core.StandardService.stopInternal Stopping service Catalina
31-Jul-2015 00:32:40.585 INFO [Thread-5] org.apache.coyote.AbstractProtocol.stop Stopping ProtocolHandler ["http-nio-8080"]
31-Jul-2015 00:32:40.586 INFO [Thread-5] org.apache.coyote.AbstractProtocol.stop Stopping ProtocolHandler ["ajp-nio-8009"]
31-Jul-2015 00:32:40.618 INFO [Thread-5] org.apache.coyote.AbstractProtocol.destroy Destroying ProtocolHandler ["http-nio-8080"]
31-Jul-2015 00:32:40.618 INFO [Thread-5] org.apache.coyote.AbstractProtocol.destroy Destroying ProtocolHandler ["ajp-nio-8009"]
31-Jul-2015 10:45:16.360 INFO [main] org.apache.catalina.startup.VersionLoggerListener.log Server version:        Apache Tomcat/8.0.24
31-Jul-2015 10:45:16.361 INFO [main] org.apache.catalina.startup.VersionLoggerListener.log Server built:          Jul 1 2015 20:19:55 UTC
31-Jul-2015 10:45:16.361 INFO [main] org.apache.catalina.startup.VersionLoggerListener.log Server number:         8.0.24.0
31-Jul-2015 10:45:16.361 INFO [main] org.apache.catalina.startup.VersionLoggerListener.log OS Name:               Linux
31-Jul-2015 10:45:16.361 INFO [main] org.apache.catalina.startup.VersionLoggerListener.log OS Version:            4.1.3-1-ARCH
31-Jul-2015 10:45:16.361 INFO [main] org.apache.catalina.startup.VersionLoggerListener.log Architecture:          amd64
31-Jul-2015 10:45:16.361 INFO [main] org.apache.catalina.startup.VersionLoggerListener.log Java Home:             /usr/lib/jvm/java-8-openjdk/jre
31-Jul-2015 10:45:16.362 INFO [main] org.apache.catalina.startup.VersionLoggerListener.log JVM Version:           1.8.0_51-b16
31-Jul-2015 10:45:16.362 INFO [main] org.apache.catalina.startup.VersionLoggerListener.log JVM Vendor:            Oracle Corporation
31-Jul-2015 10:45:16.362 INFO [main] org.apache.catalina.startup.VersionLoggerListener.log CATALINA_BASE:         /home/gleb/Projects/intern/lesson4/example/apache-tomcat-8.0.24
31-Jul-2015 10:45:16.362 INFO [main] org.apache.catalina.startup.VersionLoggerListener.log CATALINA_HOME:         /home/gleb/Projects/intern/lesson4/example/apache-tomcat-8.0.24
31-Jul-2015 10:45:16.362 INFO [main] org.apache.catalina.startup.VersionLoggerListener.log Command line argument: -Djava.util.logging.config.file=/home/gleb/Projects/intern/lesson4/example/apache-tomcat-8.0.24/conf/logging.properties
31-Jul-2015 10:45:16.362 INFO [main] org.apache.catalina.startup.VersionLoggerListener.log Command line argument: -Djava.util.logging.manager=org.apache.juli.ClassLoaderLogManager
31-Jul-2015 10:45:16.362 INFO [main] org.apache.catalina.startup.VersionLoggerListener.log Command line argument: -Djava.endorsed.dirs=/home/gleb/Projects/intern/lesson4/example/apache-tomcat-8.0.24/endorsed
31-Jul-2015 10:45:16.362 INFO [main] org.apache.catalina.startup.VersionLoggerListener.log Command line argument: -Dcatalina.base=/home/gleb/Projects/intern/lesson4/example/apache-tomcat-8.0.24
31-Jul-2015 10:45:16.363 INFO [main] org.apache.catalina.startup.VersionLoggerListener.log Command line argument: -Dcatalina.home=/home/gleb/Projects/intern/lesson4/example/apache-tomcat-8.0.24
31-Jul-2015 10:45:16.363 INFO [main] org.apache.catalina.startup.VersionLoggerListener.log Command line argument: -Djava.io.tmpdir=/home/gleb/Projects/intern/lesson4/example/apache-tomcat-8.0.24/temp
31-Jul-2015 10:45:16.363 INFO [main] org.apache.catalina.core.AprLifecycleListener.lifecycleEvent The APR based Apache Tomcat Native library which allows optimal performance in production environments was not found on the java.library.path: /usr/java/packages/lib/amd64:/usr/lib64:/lib64:/lib:/usr/lib
31-Jul-2015 10:45:16.440 INFO [main] org.apache.coyote.AbstractProtocol.init Initializing ProtocolHandler ["http-nio-8080"]
31-Jul-2015 10:45:16.456 INFO [main] org.apache.tomcat.util.net.NioSelectorPool.getSharedSelector Using a shared selector for servlet write/read
31-Jul-2015 10:45:16.458 INFO [main] org.apache.coyote.AbstractProtocol.init Initializing ProtocolHandler ["ajp-nio-8009"]
31-Jul-2015 10:45:16.459 INFO [main] org.apache.tomcat.util.net.NioSelectorPool.getSharedSelector Using a shared selector for servlet write/read
31-Jul-2015 10:45:16.459 INFO [main] org.apache.catalina.startup.Catalina.load Initialization processed in 496 ms
31-Jul-2015 10:45:16.477 INFO [main] org.apache.catalina.core.StandardService.startInternal Starting service Catalina
31-Jul-2015 10:45:16.477 INFO [main] org.apache.catalina.core.StandardEngine.startInternal Starting Servlet Engine: Apache Tomcat/8.0.24
31-Jul-2015 10:45:16.684 INFO [localhost-startStop-1] org.apache.catalina.startup.HostConfig.deployDirectory Deploying web application directory /home/gleb/Projects/intern/lesson4/example/apache-tomcat-8.0.24/webapps/docs
31-Jul-2015 10:45:16.697 INFO [localhost-startStop-1] org.apache.catalina.startup.HostConfig.deployDirectory Deployment of web application directory /home/gleb/Projects/intern/lesson4/example/apache-tomcat-8.0.24/webapps/docs has finished in 13 ms
31-Jul-2015 10:45:16.698 INFO [localhost-startStop-1] org.apache.catalina.startup.HostConfig.deployDirectory Deploying web application directory /home/gleb/Projects/intern/lesson4/example/apache-tomcat-8.0.24/webapps/manager
31-Jul-2015 10:45:16.719 INFO [localhost-startStop-1] org.apache.catalina.startup.HostConfig.deployDirectory Deployment of web application directory /home/gleb/Projects/intern/lesson4/example/apache-tomcat-8.0.24/webapps/manager has finished in 21 ms
31-Jul-2015 10:45:16.719 INFO [localhost-startStop-1] org.apache.catalina.startup.HostConfig.deployDirectory Deploying web application directory /home/gleb/Projects/intern/lesson4/example/apache-tomcat-8.0.24/webapps/host-manager
31-Jul-2015 10:45:16.735 INFO [localhost-startStop-1] org.apache.catalina.startup.HostConfig.deployDirectory Deployment of web application directory /home/gleb/Projects/intern/lesson4/example/apache-tomcat-8.0.24/webapps/host-manager has finished in 16 ms
31-Jul-2015 10:45:16.735 INFO [localhost-startStop-1] org.apache.catalina.startup.HostConfig.deployDirectory Deploying web application directory /home/gleb/Projects/intern/lesson4/example/apache-tomcat-8.0.24/webapps/examples
31-Jul-2015 10:45:16.911 INFO [localhost-startStop-1] org.apache.catalina.startup.HostConfig.deployDirectory Deployment of web application directory /home/gleb/Projects/intern/lesson4/example/apache-tomcat-8.0.24/webapps/examples has finished in 176 ms
31-Jul-2015 10:45:16.912 INFO [localhost-startStop-1] org.apache.catalina.startup.HostConfig.deployDirectory Deploying web application directory /home/gleb/Projects/intern/lesson4/example/apache-tomcat-8.0.24/webapps/ROOT
31-Jul-2015 10:45:16.923 INFO [localhost-startStop-1] org.apache.catalina.startup.HostConfig.deployDirectory Deployment of web application directory /home/gleb/Projects/intern/lesson4/example/apache-tomcat-8.0.24/webapps/ROOT has finished in 10 ms
31-Jul-2015 10:45:16.924 INFO [main] org.apache.coyote.AbstractProtocol.start Starting ProtocolHandler ["http-nio-8080"]
31-Jul-2015 10:45:16.928 INFO [main] org.apache.coyote.AbstractProtocol.start Starting ProtocolHandler ["ajp-nio-8009"]
31-Jul-2015 10:45:16.928 INFO [main] org.apache.catalina.startup.Catalina.start Server startup in 469 ms
31-Jul-2015 10:45:19.659 INFO [Thread-5] org.apache.coyote.AbstractProtocol.pause Pausing ProtocolHandler ["http-nio-8080"]
31-Jul-2015 10:45:19.716 INFO [Thread-5] org.apache.coyote.AbstractProtocol.pause Pausing ProtocolHandler ["ajp-nio-8009"]
31-Jul-2015 10:45:19.766 INFO [Thread-5] org.apache.catalina.core.StandardService.stopInternal Stopping service Catalina
31-Jul-2015 10:45:19.793 INFO [Thread-5] org.apache.coyote.AbstractProtocol.stop Stopping ProtocolHandler ["http-nio-8080"]
31-Jul-2015 10:45:19.793 INFO [Thread-5] org.apache.coyote.AbstractProtocol.stop Stopping ProtocolHandler ["ajp-nio-8009"]
31-Jul-2015 10:45:19.794 INFO [Thread-5] org.apache.coyote.AbstractProtocol.destroy Destroying ProtocolHandler ["http-nio-8080"]
31-Jul-2015 10:45:19.794 INFO [Thread-5] org.apache.coyote.AbstractProtocol.destroy Destroying ProtocolHandler ["ajp-nio-8009"]
31-Jul-2015 12:01:07.350 INFO [main] org.apache.catalina.startup.VersionLoggerListener.log Server version:        Apache Tomcat/8.0.24
31-Jul-2015 12:01:07.351 INFO [main] org.apache.catalina.startup.VersionLoggerListener.log Server built:          Jul 1 2015 20:19:55 UTC
31-Jul-2015 12:01:07.351 INFO [main] org.apache.catalina.startup.VersionLoggerListener.log Server number:         8.0.24.0
31-Jul-2015 12:01:07.351 INFO [main] org.apache.catalina.startup.VersionLoggerListener.log OS Name:               Linux
31-Jul-2015 12:01:07.351 INFO [main] org.apache.catalina.startup.VersionLoggerListener.log OS Version:            4.1.3-1-ARCH
31-Jul-2015 12:01:07.351 INFO [main] org.apache.catalina.startup.VersionLoggerListener.log Architecture:          amd64
31-Jul-2015 12:01:07.351 INFO [main] org.apache.catalina.startup.VersionLoggerListener.log Java Home:             /usr/lib/jvm/java-8-openjdk/jre
31-Jul-2015 12:01:07.351 INFO [main] org.apache.catalina.startup.VersionLoggerListener.log JVM Version:           1.8.0_51-b16
31-Jul-2015 12:01:07.352 INFO [main] org.apache.catalina.startup.VersionLoggerListener.log JVM Vendor:            Oracle Corporation
31-Jul-2015 12:01:07.352 INFO [main] org.apache.catalina.startup.VersionLoggerListener.log CATALINA_BASE:         /home/gleb/Projects/intern/lesson4/example/apache-tomcat-8.0.24
31-Jul-2015 12:01:07.352 INFO [main] org.apache.catalina.startup.VersionLoggerListener.log CATALINA_HOME:         /home/gleb/Projects/intern/lesson4/example/apache-tomcat-8.0.24
31-Jul-2015 12:01:07.352 INFO [main] org.apache.catalina.startup.VersionLoggerListener.log Command line argument: -Djava.util.logging.config.file=/home/gleb/Projects/intern/lesson4/example/apache-tomcat-8.0.24/conf/logging.properties
31-Jul-2015 12:01:07.352 INFO [main] org.apache.catalina.startup.VersionLoggerListener.log Command line argument: -Djava.util.logging.manager=org.apache.juli.ClassLoaderLogManager
31-Jul-2015 12:01:07.352 INFO [main] org.apache.catalina.startup.VersionLoggerListener.log Command line argument: -Djava.endorsed.dirs=/home/gleb/Projects/intern/lesson4/example/apache-tomcat-8.0.24/endorsed
31-Jul-2015 12:01:07.352 INFO [main] org.apache.catalina.startup.VersionLoggerListener.log Command line argument: -Dcatalina.base=/home/gleb/Projects/intern/lesson4/example/apache-tomcat-8.0.24
31-Jul-2015 12:01:07.352 INFO [main] org.apache.catalina.startup.VersionLoggerListener.log Command line argument: -Dcatalina.home=/home/gleb/Projects/intern/lesson4/example/apache-tomcat-8.0.24
31-Jul-2015 12:01:07.352 INFO [main] org.apache.catalina.startup.VersionLoggerListener.log Command line argument: -Djava.io.tmpdir=/home/gleb/Projects/intern/lesson4/example/apache-tomcat-8.0.24/temp
31-Jul-2015 12:01:07.352 INFO [main] org.apache.catalina.core.AprLifecycleListener.lifecycleEvent The APR based Apache Tomcat Native library which allows optimal performance in production environments was not found on the java.library.path: /usr/java/packages/lib/amd64:/usr/lib64:/lib64:/lib:/usr/lib
31-Jul-2015 12:01:07.410 INFO [main] org.apache.coyote.AbstractProtocol.init Initializing ProtocolHandler ["http-nio-8080"]
31-Jul-2015 12:01:07.420 INFO [main] org.apache.tomcat.util.net.NioSelectorPool.getSharedSelector Using a shared selector for servlet write/read
31-Jul-2015 12:01:07.421 INFO [main] org.apache.coyote.AbstractProtocol.init Initializing ProtocolHandler ["ajp-nio-8009"]
31-Jul-2015 12:01:07.422 INFO [main] org.apache.tomcat.util.net.NioSelectorPool.getSharedSelector Using a shared selector for servlet write/read
31-Jul-2015 12:01:07.423 INFO [main] org.apache.catalina.startup.Catalina.load Initialization processed in 371 ms
31-Jul-2015 12:01:07.441 INFO [main] org.apache.catalina.core.StandardService.startInternal Starting service Catalina
31-Jul-2015 12:01:07.441 INFO [main] org.apache.catalina.core.StandardEngine.startInternal Starting Servlet Engine: Apache Tomcat/8.0.24
31-Jul-2015 12:01:07.611 INFO [localhost-startStop-1] org.apache.catalina.startup.HostConfig.deployDirectory Deploying web application directory /home/gleb/Projects/intern/lesson4/example/apache-tomcat-8.0.24/webapps/docs
31-Jul-2015 12:01:07.626 INFO [localhost-startStop-1] org.apache.catalina.startup.HostConfig.deployDirectory Deployment of web application directory /home/gleb/Projects/intern/lesson4/example/apache-tomcat-8.0.24/webapps/docs has finished in 15 ms
31-Jul-2015 12:01:07.626 INFO [localhost-startStop-1] org.apache.catalina.startup.HostConfig.deployDirectory Deploying web application directory /home/gleb/Projects/intern/lesson4/example/apache-tomcat-8.0.24/webapps/manager
31-Jul-2015 12:01:07.648 INFO [localhost-startStop-1] org.apache.catalina.startup.HostConfig.deployDirectory Deployment of web application directory /home/gleb/Projects/intern/lesson4/example/apache-tomcat-8.0.24/webapps/manager has finished in 22 ms
31-Jul-2015 12:01:07.648 INFO [localhost-startStop-1] org.apache.catalina.startup.HostConfig.deployDirectory Deploying web application directory /home/gleb/Projects/intern/lesson4/example/apache-tomcat-8.0.24/webapps/host-manager
31-Jul-2015 12:01:07.664 INFO [localhost-startStop-1] org.apache.catalina.startup.HostConfig.deployDirectory Deployment of web application directory /home/gleb/Projects/intern/lesson4/example/apache-tomcat-8.0.24/webapps/host-manager has finished in 16 ms
31-Jul-2015 12:01:07.664 INFO [localhost-startStop-1] org.apache.catalina.startup.HostConfig.deployDirectory Deploying web application directory /home/gleb/Projects/intern/lesson4/example/apache-tomcat-8.0.24/webapps/examples
31-Jul-2015 12:01:07.839 INFO [localhost-startStop-1] org.apache.catalina.startup.HostConfig.deployDirectory Deployment of web application directory /home/gleb/Projects/intern/lesson4/example/apache-tomcat-8.0.24/webapps/examples has finished in 175 ms
31-Jul-2015 12:01:07.839 INFO [localhost-startStop-1] org.apache.catalina.startup.HostConfig.deployDirectory Deploying web application directory /home/gleb/Projects/intern/lesson4/example/apache-tomcat-8.0.24/webapps/ROOT
31-Jul-2015 12:01:07.850 INFO [localhost-startStop-1] org.apache.catalina.startup.HostConfig.deployDirectory Deployment of web application directory /home/gleb/Projects/intern/lesson4/example/apache-tomcat-8.0.24/webapps/ROOT has finished in 11 ms
31-Jul-2015 12:01:07.852 INFO [main] org.apache.coyote.AbstractProtocol.start Starting ProtocolHandler ["http-nio-8080"]
31-Jul-2015 12:01:07.855 INFO [main] org.apache.coyote.AbstractProtocol.start Starting ProtocolHandler ["ajp-nio-8009"]
31-Jul-2015 12:01:07.856 INFO [main] org.apache.catalina.startup.Catalina.start Server startup in 432 ms
31-Jul-2015 12:03:39.570 INFO [Thread-5] org.apache.coyote.AbstractProtocol.pause Pausing ProtocolHandler ["http-nio-8080"]
31-Jul-2015 12:03:39.623 INFO [Thread-5] org.apache.coyote.AbstractProtocol.pause Pausing ProtocolHandler ["ajp-nio-8009"]
31-Jul-2015 12:03:39.674 INFO [Thread-5] org.apache.catalina.core.StandardService.stopInternal Stopping service Catalina
31-Jul-2015 12:03:39.698 INFO [Thread-5] org.apache.coyote.AbstractProtocol.stop Stopping ProtocolHandler ["http-nio-8080"]
31-Jul-2015 12:03:39.699 INFO [Thread-5] org.apache.coyote.AbstractProtocol.stop Stopping ProtocolHandler ["ajp-nio-8009"]
31-Jul-2015 12:03:39.700 INFO [Thread-5] org.apache.coyote.AbstractProtocol.destroy Destroying ProtocolHandler ["http-nio-8080"]
31-Jul-2015 12:03:39.700 INFO [Thread-5] org.apache.coyote.AbstractProtocol.destroy Destroying ProtocolHandler ["ajp-nio-8009"]
31-Jul-2015 12:03:40.595 INFO [main] org.apache.catalina.startup.VersionLoggerListener.log Server version:        Apache Tomcat/8.0.24
31-Jul-2015 12:03:40.596 INFO [main] org.apache.catalina.startup.VersionLoggerListener.log Server built:          Jul 1 2015 20:19:55 UTC
31-Jul-2015 12:03:40.596 INFO [main] org.apache.catalina.startup.VersionLoggerListener.log Server number:         8.0.24.0
31-Jul-2015 12:03:40.597 INFO [main] org.apache.catalina.startup.VersionLoggerListener.log OS Name:               Linux
31-Jul-2015 12:03:40.597 INFO [main] org.apache.catalina.startup.VersionLoggerListener.log OS Version:            4.1.3-1-ARCH
31-Jul-2015 12:03:40.597 INFO [main] org.apache.catalina.startup.VersionLoggerListener.log Architecture:          amd64
31-Jul-2015 12:03:40.597 INFO [main] org.apache.catalina.startup.VersionLoggerListener.log Java Home:             /usr/lib/jvm/java-8-openjdk/jre
31-Jul-2015 12:03:40.597 INFO [main] org.apache.catalina.startup.VersionLoggerListener.log JVM Version:           1.8.0_51-b16
31-Jul-2015 12:03:40.597 INFO [main] org.apache.catalina.startup.VersionLoggerListener.log JVM Vendor:            Oracle Corporation
31-Jul-2015 12:03:40.597 INFO [main] org.apache.catalina.startup.VersionLoggerListener.log CATALINA_BASE:         /home/gleb/Projects/intern/lesson4/example/apache-tomcat-8.0.24
31-Jul-2015 12:03:40.597 INFO [main] org.apache.catalina.startup.VersionLoggerListener.log CATALINA_HOME:         /home/gleb/Projects/intern/lesson4/example/apache-tomcat-8.0.24
31-Jul-2015 12:03:40.597 INFO [main] org.apache.catalina.startup.VersionLoggerListener.log Command line argument: -Djava.util.logging.config.file=/home/gleb/Projects/intern/lesson4/example/apache-tomcat-8.0.24/conf/logging.properties
31-Jul-2015 12:03:40.597 INFO [main] org.apache.catalina.startup.VersionLoggerListener.log Command line argument: -Djava.util.logging.manager=org.apache.juli.ClassLoaderLogManager
31-Jul-2015 12:03:40.597 INFO [main] org.apache.catalina.startup.VersionLoggerListener.log Command line argument: -Djava.endorsed.dirs=/home/gleb/Projects/intern/lesson4/example/apache-tomcat-8.0.24/endorsed
31-Jul-2015 12:03:40.597 INFO [main] org.apache.catalina.startup.VersionLoggerListener.log Command line argument: -Dcatalina.base=/home/gleb/Projects/intern/lesson4/example/apache-tomcat-8.0.24
31-Jul-2015 12:03:40.598 INFO [main] org.apache.catalina.startup.VersionLoggerListener.log Command line argument: -Dcatalina.home=/home/gleb/Projects/intern/lesson4/example/apache-tomcat-8.0.24
31-Jul-2015 12:03:40.598 INFO [main] org.apache.catalina.startup.VersionLoggerListener.log Command line argument: -Djava.io.tmpdir=/home/gleb/Projects/intern/lesson4/example/apache-tomcat-8.0.24/temp
31-Jul-2015 12:03:40.598 INFO [main] org.apache.catalina.core.AprLifecycleListener.lifecycleEvent The APR based Apache Tomcat Native library which allows optimal performance in production environments was not found on the java.library.path: /usr/java/packages/lib/amd64:/usr/lib64:/lib64:/lib:/usr/lib
31-Jul-2015 12:03:40.659 INFO [main] org.apache.coyote.AbstractProtocol.init Initializing ProtocolHandler ["http-nio-8080"]
31-Jul-2015 12:03:40.669 INFO [main] org.apache.tomcat.util.net.NioSelectorPool.getSharedSelector Using a shared selector for servlet write/read
31-Jul-2015 12:03:40.670 INFO [main] org.apache.coyote.AbstractProtocol.init Initializing ProtocolHandler ["ajp-nio-8009"]
31-Jul-2015 12:03:40.671 INFO [main] org.apache.tomcat.util.net.NioSelectorPool.getSharedSelector Using a shared selector for servlet write/read
31-Jul-2015 12:03:40.672 INFO [main] org.apache.catalina.startup.Catalina.load Initialization processed in 349 ms
31-Jul-2015 12:03:40.691 INFO [main] org.apache.catalina.core.StandardService.startInternal Starting service Catalina
31-Jul-2015 12:03:40.691 INFO [main] org.apache.catalina.core.StandardEngine.startInternal Starting Servlet Engine: Apache Tomcat/8.0.24
31-Jul-2015 12:03:40.839 INFO [localhost-startStop-1] org.apache.catalina.startup.HostConfig.deployDirectory Deploying web application directory /home/gleb/Projects/intern/lesson4/example/apache-tomcat-8.0.24/webapps/docs
31-Jul-2015 12:03:40.852 INFO [localhost-startStop-1] org.apache.catalina.startup.HostConfig.deployDirectory Deployment of web application directory /home/gleb/Projects/intern/lesson4/example/apache-tomcat-8.0.24/webapps/docs has finished in 13 ms
31-Jul-2015 12:03:40.852 INFO [localhost-startStop-1] org.apache.catalina.startup.HostConfig.deployDirectory Deploying web application directory /home/gleb/Projects/intern/lesson4/example/apache-tomcat-8.0.24/webapps/manager
31-Jul-2015 12:03:40.882 INFO [localhost-startStop-1] org.apache.catalina.startup.HostConfig.deployDirectory Deployment of web application directory /home/gleb/Projects/intern/lesson4/example/apache-tomcat-8.0.24/webapps/manager has finished in 30 ms
31-Jul-2015 12:03:40.882 INFO [localhost-startStop-1] org.apache.catalina.startup.HostConfig.deployDirectory Deploying web application directory /home/gleb/Projects/intern/lesson4/example/apache-tomcat-8.0.24/webapps/host-manager
31-Jul-2015 12:03:40.897 INFO [localhost-startStop-1] org.apache.catalina.startup.HostConfig.deployDirectory Deployment of web application directory /home/gleb/Projects/intern/lesson4/example/apache-tomcat-8.0.24/webapps/host-manager has finished in 15 ms
31-Jul-2015 12:03:40.897 INFO [localhost-startStop-1] org.apache.catalina.startup.HostConfig.deployDirectory Deploying web application directory /home/gleb/Projects/intern/lesson4/example/apache-tomcat-8.0.24/webapps/examples
31-Jul-2015 12:03:41.074 INFO [localhost-startStop-1] org.apache.catalina.startup.HostConfig.deployDirectory Deployment of web application directory /home/gleb/Projects/intern/lesson4/example/apache-tomcat-8.0.24/webapps/examples has finished in 177 ms
31-Jul-2015 12:03:41.074 INFO [localhost-startStop-1] org.apache.catalina.startup.HostConfig.deployDirectory Deploying web application directory /home/gleb/Projects/intern/lesson4/example/apache-tomcat-8.0.24/webapps/ROOT
31-Jul-2015 12:03:41.086 INFO [localhost-startStop-1] org.apache.catalina.startup.HostConfig.deployDirectory Deployment of web application directory /home/gleb/Projects/intern/lesson4/example/apache-tomcat-8.0.24/webapps/ROOT has finished in 12 ms
31-Jul-2015 12:03:41.088 INFO [main] org.apache.coyote.AbstractProtocol.start Starting ProtocolHandler ["http-nio-8080"]
31-Jul-2015 12:03:41.091 INFO [main] org.apache.coyote.AbstractProtocol.start Starting ProtocolHandler ["ajp-nio-8009"]
31-Jul-2015 12:03:41.092 INFO [main] org.apache.catalina.startup.Catalina.start Server startup in 420 ms
31-Jul-2015 12:03:56.063 INFO [Thread-5] org.apache.coyote.AbstractProtocol.pause Pausing ProtocolHandler ["http-nio-8080"]
31-Jul-2015 12:03:56.115 INFO [Thread-5] org.apache.coyote.AbstractProtocol.pause Pausing ProtocolHandler ["ajp-nio-8009"]
31-Jul-2015 12:03:56.166 INFO [Thread-5] org.apache.catalina.core.StandardService.stopInternal Stopping service Catalina
31-Jul-2015 12:03:56.185 INFO [Thread-5] org.apache.coyote.AbstractProtocol.stop Stopping ProtocolHandler ["http-nio-8080"]
31-Jul-2015 12:03:56.209 INFO [Thread-5] org.apache.coyote.AbstractProtocol.stop Stopping ProtocolHandler ["ajp-nio-8009"]
31-Jul-2015 12:03:56.209 INFO [Thread-5] org.apache.coyote.AbstractProtocol.destroy Destroying ProtocolHandler ["http-nio-8080"]
31-Jul-2015 12:03:56.210 INFO [Thread-5] org.apache.coyote.AbstractProtocol.destroy Destroying ProtocolHandler ["ajp-nio-8009"]
31-Jul-2015 12:03:57.185 INFO [main] org.apache.catalina.startup.VersionLoggerListener.log Server version:        Apache Tomcat/8.0.24
31-Jul-2015 12:03:57.186 INFO [main] org.apache.catalina.startup.VersionLoggerListener.log Server built:          Jul 1 2015 20:19:55 UTC
31-Jul-2015 12:03:57.186 INFO [main] org.apache.catalina.startup.VersionLoggerListener.log Server number:         8.0.24.0
31-Jul-2015 12:03:57.186 INFO [main] org.apache.catalina.startup.VersionLoggerListener.log OS Name:               Linux
31-Jul-2015 12:03:57.186 INFO [main] org.apache.catalina.startup.VersionLoggerListener.log OS Version:            4.1.3-1-ARCH
31-Jul-2015 12:03:57.186 INFO [main] org.apache.catalina.startup.VersionLoggerListener.log Architecture:          amd64
31-Jul-2015 12:03:57.187 INFO [main] org.apache.catalina.startup.VersionLoggerListener.log Java Home:             /usr/lib/jvm/java-8-openjdk/jre
31-Jul-2015 12:03:57.187 INFO [main] org.apache.catalina.startup.VersionLoggerListener.log JVM Version:           1.8.0_51-b16
31-Jul-2015 12:03:57.187 INFO [main] org.apache.catalina.startup.VersionLoggerListener.log JVM Vendor:            Oracle Corporation
31-Jul-2015 12:03:57.187 INFO [main] org.apache.catalina.startup.VersionLoggerListener.log CATALINA_BASE:         /home/gleb/Projects/intern/lesson4/example/apache-tomcat-8.0.24
31-Jul-2015 12:03:57.187 INFO [main] org.apache.catalina.startup.VersionLoggerListener.log CATALINA_HOME:         /home/gleb/Projects/intern/lesson4/example/apache-tomcat-8.0.24
31-Jul-2015 12:03:57.187 INFO [main] org.apache.catalina.startup.VersionLoggerListener.log Command line argument: -Djava.util.logging.config.file=/home/gleb/Projects/intern/lesson4/example/apache-tomcat-8.0.24/conf/logging.properties
31-Jul-2015 12:03:57.187 INFO [main] org.apache.catalina.startup.VersionLoggerListener.log Command line argument: -Djava.util.logging.manager=org.apache.juli.ClassLoaderLogManager
31-Jul-2015 12:03:57.187 INFO [main] org.apache.catalina.startup.VersionLoggerListener.log Command line argument: -Djava.endorsed.dirs=/home/gleb/Projects/intern/lesson4/example/apache-tomcat-8.0.24/endorsed
31-Jul-2015 12:03:57.187 INFO [main] org.apache.catalina.startup.VersionLoggerListener.log Command line argument: -Dcatalina.base=/home/gleb/Projects/intern/lesson4/example/apache-tomcat-8.0.24
31-Jul-2015 12:03:57.187 INFO [main] org.apache.catalina.startup.VersionLoggerListener.log Command line argument: -Dcatalina.home=/home/gleb/Projects/intern/lesson4/example/apache-tomcat-8.0.24
31-Jul-2015 12:03:57.187 INFO [main] org.apache.catalina.startup.VersionLoggerListener.log Command line argument: -Djava.io.tmpdir=/home/gleb/Projects/intern/lesson4/example/apache-tomcat-8.0.24/temp
31-Jul-2015 12:03:57.187 INFO [main] org.apache.catalina.core.AprLifecycleListener.lifecycleEvent The APR based Apache Tomcat Native library which allows optimal performance in production environments was not found on the java.library.path: /usr/java/packages/lib/amd64:/usr/lib64:/lib64:/lib:/usr/lib
31-Jul-2015 12:03:57.237 INFO [main] org.apache.coyote.AbstractProtocol.init Initializing ProtocolHandler ["http-nio-8080"]
31-Jul-2015 12:03:57.246 INFO [main] org.apache.tomcat.util.net.NioSelectorPool.getSharedSelector Using a shared selector for servlet write/read
31-Jul-2015 12:03:57.248 INFO [main] org.apache.coyote.AbstractProtocol.init Initializing ProtocolHandler ["ajp-nio-8009"]
31-Jul-2015 12:03:57.249 INFO [main] org.apache.tomcat.util.net.NioSelectorPool.getSharedSelector Using a shared selector for servlet write/read
31-Jul-2015 12:03:57.249 INFO [main] org.apache.catalina.startup.Catalina.load Initialization processed in 309 ms
31-Jul-2015 12:03:57.264 INFO [main] org.apache.catalina.core.StandardService.startInternal Starting service Catalina
31-Jul-2015 12:03:57.264 INFO [main] org.apache.catalina.core.StandardEngine.startInternal Starting Servlet Engine: Apache Tomcat/8.0.24
31-Jul-2015 12:03:57.404 INFO [localhost-startStop-1] org.apache.catalina.startup.HostConfig.deployDirectory Deploying web application directory /home/gleb/Projects/intern/lesson4/example/apache-tomcat-8.0.24/webapps/docs
31-Jul-2015 12:03:57.417 INFO [localhost-startStop-1] org.apache.catalina.startup.HostConfig.deployDirectory Deployment of web application directory /home/gleb/Projects/intern/lesson4/example/apache-tomcat-8.0.24/webapps/docs has finished in 13 ms
31-Jul-2015 12:03:57.417 INFO [localhost-startStop-1] org.apache.catalina.startup.HostConfig.deployDirectory Deploying web application directory /home/gleb/Projects/intern/lesson4/example/apache-tomcat-8.0.24/webapps/manager
31-Jul-2015 12:03:57.446 INFO [localhost-startStop-1] org.apache.catalina.startup.HostConfig.deployDirectory Deployment of web application directory /home/gleb/Projects/intern/lesson4/example/apache-tomcat-8.0.24/webapps/manager has finished in 29 ms
31-Jul-2015 12:03:57.446 INFO [localhost-startStop-1] org.apache.catalina.startup.HostConfig.deployDirectory Deploying web application directory /home/gleb/Projects/intern/lesson4/example/apache-tomcat-8.0.24/webapps/host-manager
31-Jul-2015 12:03:57.460 INFO [localhost-startStop-1] org.apache.catalina.startup.HostConfig.deployDirectory Deployment of web application directory /home/gleb/Projects/intern/lesson4/example/apache-tomcat-8.0.24/webapps/host-manager has finished in 14 ms
31-Jul-2015 12:03:57.460 INFO [localhost-startStop-1] org.apache.catalina.startup.HostConfig.deployDirectory Deploying web application directory /home/gleb/Projects/intern/lesson4/example/apache-tomcat-8.0.24/webapps/examples
31-Jul-2015 12:03:57.603 INFO [localhost-startStop-1] org.apache.catalina.startup.HostConfig.deployDirectory Deployment of web application directory /home/gleb/Projects/intern/lesson4/example/apache-tomcat-8.0.24/webapps/examples has finished in 143 ms
31-Jul-2015 12:03:57.604 INFO [localhost-startStop-1] org.apache.catalina.startup.HostConfig.deployDirectory Deploying web application directory /home/gleb/Projects/intern/lesson4/example/apache-tomcat-8.0.24/webapps/ROOT
31-Jul-2015 12:03:57.614 INFO [localhost-startStop-1] org.apache.catalina.startup.HostConfig.deployDirectory Deployment of web application directory /home/gleb/Projects/intern/lesson4/example/apache-tomcat-8.0.24/webapps/ROOT has finished in 10 ms
31-Jul-2015 12:03:57.616 INFO [main] org.apache.coyote.AbstractProtocol.start Starting ProtocolHandler ["http-nio-8080"]
31-Jul-2015 12:03:57.619 INFO [main] org.apache.coyote.AbstractProtocol.start Starting ProtocolHandler ["ajp-nio-8009"]
31-Jul-2015 12:03:57.620 INFO [main] org.apache.catalina.startup.Catalina.start Server startup in 370 ms
31-Jul-2015 12:38:22.303 INFO [Thread-5] org.apache.coyote.AbstractProtocol.pause Pausing ProtocolHandler ["http-nio-8080"]
31-Jul-2015 12:38:22.354 INFO [Thread-5] org.apache.coyote.AbstractProtocol.pause Pausing ProtocolHandler ["ajp-nio-8009"]
31-Jul-2015 12:38:22.405 INFO [Thread-5] org.apache.catalina.core.StandardService.stopInternal Stopping service Catalina
31-Jul-2015 12:38:22.428 INFO [Thread-5] org.apache.coyote.AbstractProtocol.stop Stopping ProtocolHandler ["http-nio-8080"]
31-Jul-2015 12:38:22.442 INFO [Thread-5] org.apache.coyote.AbstractProtocol.stop Stopping ProtocolHandler ["ajp-nio-8009"]
31-Jul-2015 12:38:22.443 INFO [Thread-5] org.apache.coyote.AbstractProtocol.destroy Destroying ProtocolHandler ["http-nio-8080"]
31-Jul-2015 12:38:22.443 INFO [Thread-5] org.apache.coyote.AbstractProtocol.destroy Destroying ProtocolHandler ["ajp-nio-8009"]
