13-Aug-2015 11:41:19.373 INFO [main] org.apache.catalina.startup.VersionLoggerListener.log Server version:        Apache Tomcat/8.0.24
13-Aug-2015 11:41:19.374 INFO [main] org.apache.catalina.startup.VersionLoggerListener.log Server built:          Jul 1 2015 20:19:55 UTC
13-Aug-2015 11:41:19.374 INFO [main] org.apache.catalina.startup.VersionLoggerListener.log Server number:         8.0.24.0
13-Aug-2015 11:41:19.374 INFO [main] org.apache.catalina.startup.VersionLoggerListener.log OS Name:               Linux
13-Aug-2015 11:41:19.374 INFO [main] org.apache.catalina.startup.VersionLoggerListener.log OS Version:            4.1.3-1-ARCH
13-Aug-2015 11:41:19.374 INFO [main] org.apache.catalina.startup.VersionLoggerListener.log Architecture:          amd64
13-Aug-2015 11:41:19.374 INFO [main] org.apache.catalina.startup.VersionLoggerListener.log Java Home:             /usr/lib/jvm/java-8-openjdk/jre
13-Aug-2015 11:41:19.374 INFO [main] org.apache.catalina.startup.VersionLoggerListener.log JVM Version:           1.8.0_51-b16
13-Aug-2015 11:41:19.375 INFO [main] org.apache.catalina.startup.VersionLoggerListener.log JVM Vendor:            Oracle Corporation
13-Aug-2015 11:41:19.375 INFO [main] org.apache.catalina.startup.VersionLoggerListener.log CATALINA_BASE:         /home/gleb/Projects/intern/lesson4/example/apache-tomcat-8.0.24
13-Aug-2015 11:41:19.375 INFO [main] org.apache.catalina.startup.VersionLoggerListener.log CATALINA_HOME:         /home/gleb/Projects/intern/lesson4/example/apache-tomcat-8.0.24
13-Aug-2015 11:41:19.375 INFO [main] org.apache.catalina.startup.VersionLoggerListener.log Command line argument: -Djava.util.logging.config.file=/home/gleb/Projects/intern/lesson4/example/apache-tomcat-8.0.24/conf/logging.properties
13-Aug-2015 11:41:19.375 INFO [main] org.apache.catalina.startup.VersionLoggerListener.log Command line argument: -Djava.util.logging.manager=org.apache.juli.ClassLoaderLogManager
13-Aug-2015 11:41:19.375 INFO [main] org.apache.catalina.startup.VersionLoggerListener.log Command line argument: -Djava.endorsed.dirs=/home/gleb/Projects/intern/lesson4/example/apache-tomcat-8.0.24/endorsed
13-Aug-2015 11:41:19.375 INFO [main] org.apache.catalina.startup.VersionLoggerListener.log Command line argument: -Dcatalina.base=/home/gleb/Projects/intern/lesson4/example/apache-tomcat-8.0.24
13-Aug-2015 11:41:19.375 INFO [main] org.apache.catalina.startup.VersionLoggerListener.log Command line argument: -Dcatalina.home=/home/gleb/Projects/intern/lesson4/example/apache-tomcat-8.0.24
13-Aug-2015 11:41:19.375 INFO [main] org.apache.catalina.startup.VersionLoggerListener.log Command line argument: -Djava.io.tmpdir=/home/gleb/Projects/intern/lesson4/example/apache-tomcat-8.0.24/temp
13-Aug-2015 11:41:19.375 INFO [main] org.apache.catalina.core.AprLifecycleListener.lifecycleEvent The APR based Apache Tomcat Native library which allows optimal performance in production environments was not found on the java.library.path: /usr/java/packages/lib/amd64:/usr/lib64:/lib64:/lib:/usr/lib
13-Aug-2015 11:41:19.433 INFO [main] org.apache.coyote.AbstractProtocol.init Initializing ProtocolHandler ["http-nio-8080"]
13-Aug-2015 11:41:19.443 INFO [main] org.apache.tomcat.util.net.NioSelectorPool.getSharedSelector Using a shared selector for servlet write/read
13-Aug-2015 11:41:19.445 INFO [main] org.apache.coyote.AbstractProtocol.init Initializing ProtocolHandler ["ajp-nio-8009"]
13-Aug-2015 11:41:19.446 INFO [main] org.apache.tomcat.util.net.NioSelectorPool.getSharedSelector Using a shared selector for servlet write/read
13-Aug-2015 11:41:19.446 INFO [main] org.apache.catalina.startup.Catalina.load Initialization processed in 340 ms
13-Aug-2015 11:41:19.465 INFO [main] org.apache.catalina.core.StandardService.startInternal Starting service Catalina
13-Aug-2015 11:41:19.465 INFO [main] org.apache.catalina.core.StandardEngine.startInternal Starting Servlet Engine: Apache Tomcat/8.0.24
13-Aug-2015 11:41:19.473 INFO [localhost-startStop-1] org.apache.catalina.startup.HostConfig.deployDirectory Deploying web application directory /home/gleb/Projects/intern/lesson4/example/apache-tomcat-8.0.24/webapps/calculator
13-Aug-2015 11:41:19.661 INFO [localhost-startStop-1] org.apache.catalina.startup.HostConfig.deployDirectory Deployment of web application directory /home/gleb/Projects/intern/lesson4/example/apache-tomcat-8.0.24/webapps/calculator has finished in 189 ms
13-Aug-2015 11:41:19.661 INFO [localhost-startStop-1] org.apache.catalina.startup.HostConfig.deployDirectory Deploying web application directory /home/gleb/Projects/intern/lesson4/example/apache-tomcat-8.0.24/webapps/docs
13-Aug-2015 11:41:19.674 INFO [localhost-startStop-1] org.apache.catalina.startup.HostConfig.deployDirectory Deployment of web application directory /home/gleb/Projects/intern/lesson4/example/apache-tomcat-8.0.24/webapps/docs has finished in 12 ms
13-Aug-2015 11:41:19.674 INFO [localhost-startStop-1] org.apache.catalina.startup.HostConfig.deployDirectory Deploying web application directory /home/gleb/Projects/intern/lesson4/example/apache-tomcat-8.0.24/webapps/manager
13-Aug-2015 11:41:19.695 INFO [localhost-startStop-1] org.apache.catalina.startup.HostConfig.deployDirectory Deployment of web application directory /home/gleb/Projects/intern/lesson4/example/apache-tomcat-8.0.24/webapps/manager has finished in 21 ms
13-Aug-2015 11:41:19.695 INFO [localhost-startStop-1] org.apache.catalina.startup.HostConfig.deployDirectory Deploying web application directory /home/gleb/Projects/intern/lesson4/example/apache-tomcat-8.0.24/webapps/host-manager
13-Aug-2015 11:41:19.710 INFO [localhost-startStop-1] org.apache.catalina.startup.HostConfig.deployDirectory Deployment of web application directory /home/gleb/Projects/intern/lesson4/example/apache-tomcat-8.0.24/webapps/host-manager has finished in 15 ms
13-Aug-2015 11:41:19.710 INFO [localhost-startStop-1] org.apache.catalina.startup.HostConfig.deployDirectory Deploying web application directory /home/gleb/Projects/intern/lesson4/example/apache-tomcat-8.0.24/webapps/examples
13-Aug-2015 11:41:19.899 INFO [localhost-startStop-1] org.apache.catalina.startup.HostConfig.deployDirectory Deployment of web application directory /home/gleb/Projects/intern/lesson4/example/apache-tomcat-8.0.24/webapps/examples has finished in 189 ms
13-Aug-2015 11:41:19.899 INFO [localhost-startStop-1] org.apache.catalina.startup.HostConfig.deployDirectory Deploying web application directory /home/gleb/Projects/intern/lesson4/example/apache-tomcat-8.0.24/webapps/ROOT
13-Aug-2015 11:41:19.909 INFO [localhost-startStop-1] org.apache.catalina.startup.HostConfig.deployDirectory Deployment of web application directory /home/gleb/Projects/intern/lesson4/example/apache-tomcat-8.0.24/webapps/ROOT has finished in 10 ms
13-Aug-2015 11:41:19.911 INFO [main] org.apache.coyote.AbstractProtocol.start Starting ProtocolHandler ["http-nio-8080"]
13-Aug-2015 11:41:19.915 INFO [main] org.apache.coyote.AbstractProtocol.start Starting ProtocolHandler ["ajp-nio-8009"]
13-Aug-2015 11:41:19.915 INFO [main] org.apache.catalina.startup.Catalina.start Server startup in 469 ms
