30-Jul-2015 23:06:17.041 INFO [localhost-startStop-1] org.apache.catalina.core.ApplicationContext.log ContextListener: contextInitialized()
30-Jul-2015 23:06:17.041 INFO [localhost-startStop-1] org.apache.catalina.core.ApplicationContext.log SessionListener: contextInitialized()
30-Jul-2015 23:10:42.880 INFO [localhost-startStop-2] org.apache.catalina.core.ApplicationContext.log SessionListener: contextDestroyed()
30-Jul-2015 23:10:42.880 INFO [localhost-startStop-2] org.apache.catalina.core.ApplicationContext.log ContextListener: contextDestroyed()
30-Jul-2015 23:10:44.601 INFO [localhost-startStop-1] org.apache.catalina.core.ApplicationContext.log ContextListener: contextInitialized()
30-Jul-2015 23:10:44.602 INFO [localhost-startStop-1] org.apache.catalina.core.ApplicationContext.log SessionListener: contextInitialized()
30-Jul-2015 23:11:58.164 INFO [localhost-startStop-2] org.apache.catalina.core.ApplicationContext.log SessionListener: contextDestroyed()
30-Jul-2015 23:11:58.164 INFO [localhost-startStop-2] org.apache.catalina.core.ApplicationContext.log ContextListener: contextDestroyed()
30-Jul-2015 23:12:00.326 INFO [localhost-startStop-1] org.apache.catalina.core.ApplicationContext.log ContextListener: contextInitialized()
30-Jul-2015 23:12:00.326 INFO [localhost-startStop-1] org.apache.catalina.core.ApplicationContext.log SessionListener: contextInitialized()
30-Jul-2015 23:15:50.402 INFO [ContainerBackgroundProcessor[StandardEngine[Catalina]]] org.apache.catalina.core.ApplicationContext.log SessionListener: contextDestroyed()
30-Jul-2015 23:15:50.402 INFO [ContainerBackgroundProcessor[StandardEngine[Catalina]]] org.apache.catalina.core.ApplicationContext.log ContextListener: contextDestroyed()
30-Jul-2015 23:22:39.995 INFO [localhost-startStop-1] org.apache.catalina.core.ApplicationContext.log ContextListener: contextInitialized()
30-Jul-2015 23:22:39.996 INFO [localhost-startStop-1] org.apache.catalina.core.ApplicationContext.log SessionListener: contextInitialized()
30-Jul-2015 23:26:50.319 SEVERE [http-nio-8080-exec-8] org.apache.catalina.core.StandardWrapperValve.invoke Servlet.service() for servlet [jsp] in context with path [/calculator] threw exception [Unable to compile class for JSP: 

An error occurred at line: 11 in the jsp file: /index.jsp
The method getTestString() is undefined for the type index_jsp
8: 		    <div>Test</div>
9: 		    <div>
10: 		    
11: 				<%=getTestString()%>
12: 		    </div>
13: 	   </body>
14: </html>


Stacktrace:] with root cause
 org.apache.jasper.JasperException: Unable to compile class for JSP: 

An error occurred at line: 11 in the jsp file: /index.jsp
The method getTestString() is undefined for the type index_jsp
8: 		    <div>Test</div>
9: 		    <div>
10: 		    
11: 				<%=getTestString()%>
12: 		    </div>
13: 	   </body>
14: </html>


Stacktrace:
	at org.apache.jasper.compiler.DefaultErrorHandler.javacError(DefaultErrorHandler.java:102)
	at org.apache.jasper.compiler.ErrorDispatcher.javacError(ErrorDispatcher.java:198)
	at org.apache.jasper.compiler.JDTCompiler.generateClass(JDTCompiler.java:450)
	at org.apache.jasper.compiler.Compiler.compile(Compiler.java:361)
	at org.apache.jasper.compiler.Compiler.compile(Compiler.java:336)
	at org.apache.jasper.compiler.Compiler.compile(Compiler.java:323)
	at org.apache.jasper.JspCompilationContext.compile(JspCompilationContext.java:585)
	at org.apache.jasper.servlet.JspServletWrapper.service(JspServletWrapper.java:363)
	at org.apache.jasper.servlet.JspServlet.serviceJspFile(JspServlet.java:396)
	at org.apache.jasper.servlet.JspServlet.service(JspServlet.java:340)
	at javax.servlet.http.HttpServlet.service(HttpServlet.java:729)
	at org.apache.catalina.core.ApplicationFilterChain.internalDoFilter(ApplicationFilterChain.java:291)
	at org.apache.catalina.core.ApplicationFilterChain.doFilter(ApplicationFilterChain.java:206)
	at org.apache.tomcat.websocket.server.WsFilter.doFilter(WsFilter.java:52)
	at org.apache.catalina.core.ApplicationFilterChain.internalDoFilter(ApplicationFilterChain.java:239)
	at org.apache.catalina.core.ApplicationFilterChain.doFilter(ApplicationFilterChain.java:206)
	at org.apache.catalina.core.StandardWrapperValve.invoke(StandardWrapperValve.java:219)
	at org.apache.catalina.core.StandardContextValve.invoke(StandardContextValve.java:106)
	at org.apache.catalina.authenticator.AuthenticatorBase.invoke(AuthenticatorBase.java:502)
	at org.apache.catalina.core.StandardHostValve.invoke(StandardHostValve.java:142)
	at org.apache.catalina.valves.ErrorReportValve.invoke(ErrorReportValve.java:79)
	at org.apache.catalina.valves.AbstractAccessLogValve.invoke(AbstractAccessLogValve.java:617)
	at org.apache.catalina.core.StandardEngineValve.invoke(StandardEngineValve.java:88)
	at org.apache.catalina.connector.CoyoteAdapter.service(CoyoteAdapter.java:518)
	at org.apache.coyote.http11.AbstractHttp11Processor.process(AbstractHttp11Processor.java:1091)
	at org.apache.coyote.AbstractProtocol$AbstractConnectionHandler.process(AbstractProtocol.java:668)
	at org.apache.tomcat.util.net.NioEndpoint$SocketProcessor.doRun(NioEndpoint.java:1527)
	at org.apache.tomcat.util.net.NioEndpoint$SocketProcessor.run(NioEndpoint.java:1484)
	at java.util.concurrent.ThreadPoolExecutor.runWorker(ThreadPoolExecutor.java:1142)
	at java.util.concurrent.ThreadPoolExecutor$Worker.run(ThreadPoolExecutor.java:617)
	at org.apache.tomcat.util.threads.TaskThread$WrappingRunnable.run(TaskThread.java:61)
	at java.lang.Thread.run(Thread.java:745)

30-Jul-2015 23:27:18.322 SEVERE [http-nio-8080-exec-10] org.apache.catalina.core.StandardWrapperValve.invoke Servlet.service() for servlet [jsp] in context with path [/calculator] threw exception [Unable to compile class for JSP: 

An error occurred at line: 12 in the jsp file: /index.jsp
The method getTestString() is undefined for the type index_jsp
9: 		    <div>Test</div>
10: 		    <div>
11: 		    
12: 				<%=getTestString()%>
13: 		    </div>
14: 	   </body>
15: </html>


Stacktrace:] with root cause
 org.apache.jasper.JasperException: Unable to compile class for JSP: 

An error occurred at line: 12 in the jsp file: /index.jsp
The method getTestString() is undefined for the type index_jsp
9: 		    <div>Test</div>
10: 		    <div>
11: 		    
12: 				<%=getTestString()%>
13: 		    </div>
14: 	   </body>
15: </html>


Stacktrace:
	at org.apache.jasper.compiler.DefaultErrorHandler.javacError(DefaultErrorHandler.java:102)
	at org.apache.jasper.compiler.ErrorDispatcher.javacError(ErrorDispatcher.java:198)
	at org.apache.jasper.compiler.JDTCompiler.generateClass(JDTCompiler.java:450)
	at org.apache.jasper.compiler.Compiler.compile(Compiler.java:361)
	at org.apache.jasper.compiler.Compiler.compile(Compiler.java:336)
	at org.apache.jasper.compiler.Compiler.compile(Compiler.java:323)
	at org.apache.jasper.JspCompilationContext.compile(JspCompilationContext.java:585)
	at org.apache.jasper.servlet.JspServletWrapper.service(JspServletWrapper.java:363)
	at org.apache.jasper.servlet.JspServlet.serviceJspFile(JspServlet.java:396)
	at org.apache.jasper.servlet.JspServlet.service(JspServlet.java:340)
	at javax.servlet.http.HttpServlet.service(HttpServlet.java:729)
	at org.apache.catalina.core.ApplicationFilterChain.internalDoFilter(ApplicationFilterChain.java:291)
	at org.apache.catalina.core.ApplicationFilterChain.doFilter(ApplicationFilterChain.java:206)
	at org.apache.tomcat.websocket.server.WsFilter.doFilter(WsFilter.java:52)
	at org.apache.catalina.core.ApplicationFilterChain.internalDoFilter(ApplicationFilterChain.java:239)
	at org.apache.catalina.core.ApplicationFilterChain.doFilter(ApplicationFilterChain.java:206)
	at org.apache.catalina.core.StandardWrapperValve.invoke(StandardWrapperValve.java:219)
	at org.apache.catalina.core.StandardContextValve.invoke(StandardContextValve.java:106)
	at org.apache.catalina.authenticator.AuthenticatorBase.invoke(AuthenticatorBase.java:502)
	at org.apache.catalina.core.StandardHostValve.invoke(StandardHostValve.java:142)
	at org.apache.catalina.valves.ErrorReportValve.invoke(ErrorReportValve.java:79)
	at org.apache.catalina.valves.AbstractAccessLogValve.invoke(AbstractAccessLogValve.java:617)
	at org.apache.catalina.core.StandardEngineValve.invoke(StandardEngineValve.java:88)
	at org.apache.catalina.connector.CoyoteAdapter.service(CoyoteAdapter.java:518)
	at org.apache.coyote.http11.AbstractHttp11Processor.process(AbstractHttp11Processor.java:1091)
	at org.apache.coyote.AbstractProtocol$AbstractConnectionHandler.process(AbstractProtocol.java:668)
	at org.apache.tomcat.util.net.NioEndpoint$SocketProcessor.doRun(NioEndpoint.java:1527)
	at org.apache.tomcat.util.net.NioEndpoint$SocketProcessor.run(NioEndpoint.java:1484)
	at java.util.concurrent.ThreadPoolExecutor.runWorker(ThreadPoolExecutor.java:1142)
	at java.util.concurrent.ThreadPoolExecutor$Worker.run(ThreadPoolExecutor.java:617)
	at org.apache.tomcat.util.threads.TaskThread$WrappingRunnable.run(TaskThread.java:61)
	at java.lang.Thread.run(Thread.java:745)

30-Jul-2015 23:27:22.658 SEVERE [http-nio-8080-exec-10] org.apache.catalina.core.StandardWrapperValve.invoke Servlet.service() for servlet [jsp] in context with path [/calculator] threw exception [Unable to compile class for JSP: 

An error occurred at line: 12 in the jsp file: /index.jsp
The method getTestString() is undefined for the type index_jsp
9: 		    <div>Test</div>
10: 		    <div>
11: 		    
12: 				<%=getTestString()%>
13: 		    </div>
14: 	   </body>
15: </html>


Stacktrace:] with root cause
 org.apache.jasper.JasperException: Unable to compile class for JSP: 

An error occurred at line: 12 in the jsp file: /index.jsp
The method getTestString() is undefined for the type index_jsp
9: 		    <div>Test</div>
10: 		    <div>
11: 		    
12: 				<%=getTestString()%>
13: 		    </div>
14: 	   </body>
15: </html>


Stacktrace:
	at org.apache.jasper.compiler.DefaultErrorHandler.javacError(DefaultErrorHandler.java:102)
	at org.apache.jasper.compiler.ErrorDispatcher.javacError(ErrorDispatcher.java:198)
	at org.apache.jasper.compiler.JDTCompiler.generateClass(JDTCompiler.java:450)
	at org.apache.jasper.compiler.Compiler.compile(Compiler.java:361)
	at org.apache.jasper.compiler.Compiler.compile(Compiler.java:336)
	at org.apache.jasper.compiler.Compiler.compile(Compiler.java:323)
	at org.apache.jasper.JspCompilationContext.compile(JspCompilationContext.java:585)
	at org.apache.jasper.servlet.JspServletWrapper.service(JspServletWrapper.java:363)
	at org.apache.jasper.servlet.JspServlet.serviceJspFile(JspServlet.java:396)
	at org.apache.jasper.servlet.JspServlet.service(JspServlet.java:340)
	at javax.servlet.http.HttpServlet.service(HttpServlet.java:729)
	at org.apache.catalina.core.ApplicationFilterChain.internalDoFilter(ApplicationFilterChain.java:291)
	at org.apache.catalina.core.ApplicationFilterChain.doFilter(ApplicationFilterChain.java:206)
	at org.apache.tomcat.websocket.server.WsFilter.doFilter(WsFilter.java:52)
	at org.apache.catalina.core.ApplicationFilterChain.internalDoFilter(ApplicationFilterChain.java:239)
	at org.apache.catalina.core.ApplicationFilterChain.doFilter(ApplicationFilterChain.java:206)
	at org.apache.catalina.core.StandardWrapperValve.invoke(StandardWrapperValve.java:219)
	at org.apache.catalina.core.StandardContextValve.invoke(StandardContextValve.java:106)
	at org.apache.catalina.authenticator.AuthenticatorBase.invoke(AuthenticatorBase.java:502)
	at org.apache.catalina.core.StandardHostValve.invoke(StandardHostValve.java:142)
	at org.apache.catalina.valves.ErrorReportValve.invoke(ErrorReportValve.java:79)
	at org.apache.catalina.valves.AbstractAccessLogValve.invoke(AbstractAccessLogValve.java:617)
	at org.apache.catalina.core.StandardEngineValve.invoke(StandardEngineValve.java:88)
	at org.apache.catalina.connector.CoyoteAdapter.service(CoyoteAdapter.java:518)
	at org.apache.coyote.http11.AbstractHttp11Processor.process(AbstractHttp11Processor.java:1091)
	at org.apache.coyote.AbstractProtocol$AbstractConnectionHandler.process(AbstractProtocol.java:668)
	at org.apache.tomcat.util.net.NioEndpoint$SocketProcessor.doRun(NioEndpoint.java:1527)
	at org.apache.tomcat.util.net.NioEndpoint$SocketProcessor.run(NioEndpoint.java:1484)
	at java.util.concurrent.ThreadPoolExecutor.runWorker(ThreadPoolExecutor.java:1142)
	at java.util.concurrent.ThreadPoolExecutor$Worker.run(ThreadPoolExecutor.java:617)
	at org.apache.tomcat.util.threads.TaskThread$WrappingRunnable.run(TaskThread.java:61)
	at java.lang.Thread.run(Thread.java:745)

30-Jul-2015 23:27:34.820 SEVERE [http-nio-8080-exec-4] org.apache.catalina.core.StandardWrapperValve.invoke Servlet.service() for servlet [jsp] in context with path [/calculator] threw exception [Unable to compile class for JSP: 

An error occurred at line: 12 in the jsp file: /index.jsp
The method getTestString() is undefined for the type index_jsp
9: 		    <div>Test</div>
10: 		    <div>
11: 		    
12: 				<%=getTestString()%>
13: 		    </div>
14: 	   </body>
15: </html>


Stacktrace:] with root cause
 org.apache.jasper.JasperException: Unable to compile class for JSP: 

An error occurred at line: 12 in the jsp file: /index.jsp
The method getTestString() is undefined for the type index_jsp
9: 		    <div>Test</div>
10: 		    <div>
11: 		    
12: 				<%=getTestString()%>
13: 		    </div>
14: 	   </body>
15: </html>


Stacktrace:
	at org.apache.jasper.compiler.DefaultErrorHandler.javacError(DefaultErrorHandler.java:102)
	at org.apache.jasper.compiler.ErrorDispatcher.javacError(ErrorDispatcher.java:198)
	at org.apache.jasper.compiler.JDTCompiler.generateClass(JDTCompiler.java:450)
	at org.apache.jasper.compiler.Compiler.compile(Compiler.java:361)
	at org.apache.jasper.compiler.Compiler.compile(Compiler.java:336)
	at org.apache.jasper.compiler.Compiler.compile(Compiler.java:323)
	at org.apache.jasper.JspCompilationContext.compile(JspCompilationContext.java:585)
	at org.apache.jasper.servlet.JspServletWrapper.service(JspServletWrapper.java:363)
	at org.apache.jasper.servlet.JspServlet.serviceJspFile(JspServlet.java:396)
	at org.apache.jasper.servlet.JspServlet.service(JspServlet.java:340)
	at javax.servlet.http.HttpServlet.service(HttpServlet.java:729)
	at org.apache.catalina.core.ApplicationFilterChain.internalDoFilter(ApplicationFilterChain.java:291)
	at org.apache.catalina.core.ApplicationFilterChain.doFilter(ApplicationFilterChain.java:206)
	at org.apache.tomcat.websocket.server.WsFilter.doFilter(WsFilter.java:52)
	at org.apache.catalina.core.ApplicationFilterChain.internalDoFilter(ApplicationFilterChain.java:239)
	at org.apache.catalina.core.ApplicationFilterChain.doFilter(ApplicationFilterChain.java:206)
	at org.apache.catalina.core.StandardWrapperValve.invoke(StandardWrapperValve.java:219)
	at org.apache.catalina.core.StandardContextValve.invoke(StandardContextValve.java:106)
	at org.apache.catalina.authenticator.AuthenticatorBase.invoke(AuthenticatorBase.java:502)
	at org.apache.catalina.core.StandardHostValve.invoke(StandardHostValve.java:142)
	at org.apache.catalina.valves.ErrorReportValve.invoke(ErrorReportValve.java:79)
	at org.apache.catalina.valves.AbstractAccessLogValve.invoke(AbstractAccessLogValve.java:617)
	at org.apache.catalina.core.StandardEngineValve.invoke(StandardEngineValve.java:88)
	at org.apache.catalina.connector.CoyoteAdapter.service(CoyoteAdapter.java:518)
	at org.apache.coyote.http11.AbstractHttp11Processor.process(AbstractHttp11Processor.java:1091)
	at org.apache.coyote.AbstractProtocol$AbstractConnectionHandler.process(AbstractProtocol.java:668)
	at org.apache.tomcat.util.net.NioEndpoint$SocketProcessor.doRun(NioEndpoint.java:1527)
	at org.apache.tomcat.util.net.NioEndpoint$SocketProcessor.run(NioEndpoint.java:1484)
	at java.util.concurrent.ThreadPoolExecutor.runWorker(ThreadPoolExecutor.java:1142)
	at java.util.concurrent.ThreadPoolExecutor$Worker.run(ThreadPoolExecutor.java:617)
	at org.apache.tomcat.util.threads.TaskThread$WrappingRunnable.run(TaskThread.java:61)
	at java.lang.Thread.run(Thread.java:745)

30-Jul-2015 23:27:53.276 SEVERE [http-nio-8080-exec-3] org.apache.catalina.core.StandardWrapperValve.invoke Servlet.service() for servlet [jsp] in context with path [/calculator] threw exception [/index.jsp (line: 19, column: 14) equal symbol expected] with root cause
 org.apache.jasper.JasperException: /index.jsp (line: 19, column: 14) equal symbol expected
	at org.apache.jasper.compiler.DefaultErrorHandler.jspError(DefaultErrorHandler.java:41)
	at org.apache.jasper.compiler.ErrorDispatcher.dispatch(ErrorDispatcher.java:275)
	at org.apache.jasper.compiler.ErrorDispatcher.jspError(ErrorDispatcher.java:91)
	at org.apache.jasper.compiler.Parser.parseAttribute(Parser.java:218)
	at org.apache.jasper.compiler.Parser.parseAttributes(Parser.java:163)
	at org.apache.jasper.compiler.Parser.parseAttributes(Parser.java:184)
	at org.apache.jasper.compiler.ParserController.getPageEncodingForJspSyntax(ParserController.java:444)
	at org.apache.jasper.compiler.ParserController.determineSyntaxAndEncoding(ParserController.java:385)
	at org.apache.jasper.compiler.ParserController.doParse(ParserController.java:183)
	at org.apache.jasper.compiler.ParserController.parseDirectives(ParserController.java:117)
	at org.apache.jasper.compiler.Compiler.generateJava(Compiler.java:194)
	at org.apache.jasper.compiler.Compiler.compile(Compiler.java:356)
	at org.apache.jasper.compiler.Compiler.compile(Compiler.java:336)
	at org.apache.jasper.compiler.Compiler.compile(Compiler.java:323)
	at org.apache.jasper.JspCompilationContext.compile(JspCompilationContext.java:585)
	at org.apache.jasper.servlet.JspServletWrapper.service(JspServletWrapper.java:363)
	at org.apache.jasper.servlet.JspServlet.serviceJspFile(JspServlet.java:396)
	at org.apache.jasper.servlet.JspServlet.service(JspServlet.java:340)
	at javax.servlet.http.HttpServlet.service(HttpServlet.java:729)
	at org.apache.catalina.core.ApplicationFilterChain.internalDoFilter(ApplicationFilterChain.java:291)
	at org.apache.catalina.core.ApplicationFilterChain.doFilter(ApplicationFilterChain.java:206)
	at org.apache.tomcat.websocket.server.WsFilter.doFilter(WsFilter.java:52)
	at org.apache.catalina.core.ApplicationFilterChain.internalDoFilter(ApplicationFilterChain.java:239)
	at org.apache.catalina.core.ApplicationFilterChain.doFilter(ApplicationFilterChain.java:206)
	at org.apache.catalina.core.StandardWrapperValve.invoke(StandardWrapperValve.java:219)
	at org.apache.catalina.core.StandardContextValve.invoke(StandardContextValve.java:106)
	at org.apache.catalina.authenticator.AuthenticatorBase.invoke(AuthenticatorBase.java:502)
	at org.apache.catalina.core.StandardHostValve.invoke(StandardHostValve.java:142)
	at org.apache.catalina.valves.ErrorReportValve.invoke(ErrorReportValve.java:79)
	at org.apache.catalina.valves.AbstractAccessLogValve.invoke(AbstractAccessLogValve.java:617)
	at org.apache.catalina.core.StandardEngineValve.invoke(StandardEngineValve.java:88)
	at org.apache.catalina.connector.CoyoteAdapter.service(CoyoteAdapter.java:518)
	at org.apache.coyote.http11.AbstractHttp11Processor.process(AbstractHttp11Processor.java:1091)
	at org.apache.coyote.AbstractProtocol$AbstractConnectionHandler.process(AbstractProtocol.java:668)
	at org.apache.tomcat.util.net.NioEndpoint$SocketProcessor.doRun(NioEndpoint.java:1527)
	at org.apache.tomcat.util.net.NioEndpoint$SocketProcessor.run(NioEndpoint.java:1484)
	at java.util.concurrent.ThreadPoolExecutor.runWorker(ThreadPoolExecutor.java:1142)
	at java.util.concurrent.ThreadPoolExecutor$Worker.run(ThreadPoolExecutor.java:617)
	at org.apache.tomcat.util.threads.TaskThread$WrappingRunnable.run(TaskThread.java:61)
	at java.lang.Thread.run(Thread.java:745)

30-Jul-2015 23:28:21.149 SEVERE [http-nio-8080-exec-5] org.apache.catalina.core.StandardWrapperValve.invoke Servlet.service() for servlet [jsp] in context with path [/calculator] threw exception [Unable to compile class for JSP: 

An error occurred at line: 12 in the jsp file: /index.jsp
The method getTestString() is undefined for the type index_jsp
9: 		    <div>Test</div>
10: 		    <div>
11: 		    
12: 				<%=getTestString()%>
13: 		    </div>
14: 	   </body>
15: </html>


Stacktrace:] with root cause
 org.apache.jasper.JasperException: Unable to compile class for JSP: 

An error occurred at line: 12 in the jsp file: /index.jsp
The method getTestString() is undefined for the type index_jsp
9: 		    <div>Test</div>
10: 		    <div>
11: 		    
12: 				<%=getTestString()%>
13: 		    </div>
14: 	   </body>
15: </html>


Stacktrace:
	at org.apache.jasper.compiler.DefaultErrorHandler.javacError(DefaultErrorHandler.java:102)
	at org.apache.jasper.compiler.ErrorDispatcher.javacError(ErrorDispatcher.java:198)
	at org.apache.jasper.compiler.JDTCompiler.generateClass(JDTCompiler.java:450)
	at org.apache.jasper.compiler.Compiler.compile(Compiler.java:361)
	at org.apache.jasper.compiler.Compiler.compile(Compiler.java:336)
	at org.apache.jasper.compiler.Compiler.compile(Compiler.java:323)
	at org.apache.jasper.JspCompilationContext.compile(JspCompilationContext.java:585)
	at org.apache.jasper.servlet.JspServletWrapper.service(JspServletWrapper.java:363)
	at org.apache.jasper.servlet.JspServlet.serviceJspFile(JspServlet.java:396)
	at org.apache.jasper.servlet.JspServlet.service(JspServlet.java:340)
	at javax.servlet.http.HttpServlet.service(HttpServlet.java:729)
	at org.apache.catalina.core.ApplicationFilterChain.internalDoFilter(ApplicationFilterChain.java:291)
	at org.apache.catalina.core.ApplicationFilterChain.doFilter(ApplicationFilterChain.java:206)
	at org.apache.tomcat.websocket.server.WsFilter.doFilter(WsFilter.java:52)
	at org.apache.catalina.core.ApplicationFilterChain.internalDoFilter(ApplicationFilterChain.java:239)
	at org.apache.catalina.core.ApplicationFilterChain.doFilter(ApplicationFilterChain.java:206)
	at org.apache.catalina.core.StandardWrapperValve.invoke(StandardWrapperValve.java:219)
	at org.apache.catalina.core.StandardContextValve.invoke(StandardContextValve.java:106)
	at org.apache.catalina.authenticator.AuthenticatorBase.invoke(AuthenticatorBase.java:502)
	at org.apache.catalina.core.StandardHostValve.invoke(StandardHostValve.java:142)
	at org.apache.catalina.valves.ErrorReportValve.invoke(ErrorReportValve.java:79)
	at org.apache.catalina.valves.AbstractAccessLogValve.invoke(AbstractAccessLogValve.java:617)
	at org.apache.catalina.core.StandardEngineValve.invoke(StandardEngineValve.java:88)
	at org.apache.catalina.connector.CoyoteAdapter.service(CoyoteAdapter.java:518)
	at org.apache.coyote.http11.AbstractHttp11Processor.process(AbstractHttp11Processor.java:1091)
	at org.apache.coyote.AbstractProtocol$AbstractConnectionHandler.process(AbstractProtocol.java:668)
	at org.apache.tomcat.util.net.NioEndpoint$SocketProcessor.doRun(NioEndpoint.java:1527)
	at org.apache.tomcat.util.net.NioEndpoint$SocketProcessor.run(NioEndpoint.java:1484)
	at java.util.concurrent.ThreadPoolExecutor.runWorker(ThreadPoolExecutor.java:1142)
	at java.util.concurrent.ThreadPoolExecutor$Worker.run(ThreadPoolExecutor.java:617)
	at org.apache.tomcat.util.threads.TaskThread$WrappingRunnable.run(TaskThread.java:61)
	at java.lang.Thread.run(Thread.java:745)

30-Jul-2015 23:28:25.151 SEVERE [http-nio-8080-exec-5] org.apache.catalina.core.StandardWrapperValve.invoke Servlet.service() for servlet [jsp] in context with path [/calculator] threw exception [Unable to compile class for JSP: 

An error occurred at line: 12 in the jsp file: /index.jsp
The method getTestString() is undefined for the type index_jsp
9: 		    <div>Test</div>
10: 		    <div>
11: 		    
12: 				<%=getTestString()%>
13: 		    </div>
14: 	   </body>
15: </html>


Stacktrace:] with root cause
 org.apache.jasper.JasperException: Unable to compile class for JSP: 

An error occurred at line: 12 in the jsp file: /index.jsp
The method getTestString() is undefined for the type index_jsp
9: 		    <div>Test</div>
10: 		    <div>
11: 		    
12: 				<%=getTestString()%>
13: 		    </div>
14: 	   </body>
15: </html>


Stacktrace:
	at org.apache.jasper.compiler.DefaultErrorHandler.javacError(DefaultErrorHandler.java:102)
	at org.apache.jasper.compiler.ErrorDispatcher.javacError(ErrorDispatcher.java:198)
	at org.apache.jasper.compiler.JDTCompiler.generateClass(JDTCompiler.java:450)
	at org.apache.jasper.compiler.Compiler.compile(Compiler.java:361)
	at org.apache.jasper.compiler.Compiler.compile(Compiler.java:336)
	at org.apache.jasper.compiler.Compiler.compile(Compiler.java:323)
	at org.apache.jasper.JspCompilationContext.compile(JspCompilationContext.java:585)
	at org.apache.jasper.servlet.JspServletWrapper.service(JspServletWrapper.java:363)
	at org.apache.jasper.servlet.JspServlet.serviceJspFile(JspServlet.java:396)
	at org.apache.jasper.servlet.JspServlet.service(JspServlet.java:340)
	at javax.servlet.http.HttpServlet.service(HttpServlet.java:729)
	at org.apache.catalina.core.ApplicationFilterChain.internalDoFilter(ApplicationFilterChain.java:291)
	at org.apache.catalina.core.ApplicationFilterChain.doFilter(ApplicationFilterChain.java:206)
	at org.apache.tomcat.websocket.server.WsFilter.doFilter(WsFilter.java:52)
	at org.apache.catalina.core.ApplicationFilterChain.internalDoFilter(ApplicationFilterChain.java:239)
	at org.apache.catalina.core.ApplicationFilterChain.doFilter(ApplicationFilterChain.java:206)
	at org.apache.catalina.core.StandardWrapperValve.invoke(StandardWrapperValve.java:219)
	at org.apache.catalina.core.StandardContextValve.invoke(StandardContextValve.java:106)
	at org.apache.catalina.authenticator.AuthenticatorBase.invoke(AuthenticatorBase.java:502)
	at org.apache.catalina.core.StandardHostValve.invoke(StandardHostValve.java:142)
	at org.apache.catalina.valves.ErrorReportValve.invoke(ErrorReportValve.java:79)
	at org.apache.catalina.valves.AbstractAccessLogValve.invoke(AbstractAccessLogValve.java:617)
	at org.apache.catalina.core.StandardEngineValve.invoke(StandardEngineValve.java:88)
	at org.apache.catalina.connector.CoyoteAdapter.service(CoyoteAdapter.java:518)
	at org.apache.coyote.http11.AbstractHttp11Processor.process(AbstractHttp11Processor.java:1091)
	at org.apache.coyote.AbstractProtocol$AbstractConnectionHandler.process(AbstractProtocol.java:668)
	at org.apache.tomcat.util.net.NioEndpoint$SocketProcessor.doRun(NioEndpoint.java:1527)
	at org.apache.tomcat.util.net.NioEndpoint$SocketProcessor.run(NioEndpoint.java:1484)
	at java.util.concurrent.ThreadPoolExecutor.runWorker(ThreadPoolExecutor.java:1142)
	at java.util.concurrent.ThreadPoolExecutor$Worker.run(ThreadPoolExecutor.java:617)
	at org.apache.tomcat.util.threads.TaskThread$WrappingRunnable.run(TaskThread.java:61)
	at java.lang.Thread.run(Thread.java:745)

30-Jul-2015 23:30:34.775 SEVERE [http-nio-8080-exec-9] org.apache.catalina.core.StandardWrapperValve.invoke Servlet.service() for servlet [jsp] in context with path [/calculator] threw exception [Unable to compile class for JSP: 

An error occurred at line: [18] in the generated java file: [/home/gleb/Projects/intern/lesson4/example/apache-tomcat-8.0.24/work/Catalina/localhost/calculator/org/apache/jsp/index_jsp.java]
Syntax error on token "{", { expected after this token

An error occurred at line: 18 in the jsp file: /index.jsp
out cannot be resolved
15: 		    		<%!
16: 				
17: 				for (int i = 0 ; i < 100; i++){
18: 					out.println(i);
19: 				}
20: 				%>
21: 		    </div>


An error occurred at line: 19 in the jsp file: /index.jsp
Syntax error, insert "}" to complete Block
16: 				
17: 				for (int i = 0 ; i < 100; i++){
18: 					out.println(i);
19: 				}
20: 				%>
21: 		    </div>
22: 	   </body>


Stacktrace:] with root cause
 org.apache.jasper.JasperException: Unable to compile class for JSP: 

An error occurred at line: [18] in the generated java file: [/home/gleb/Projects/intern/lesson4/example/apache-tomcat-8.0.24/work/Catalina/localhost/calculator/org/apache/jsp/index_jsp.java]
Syntax error on token "{", { expected after this token

An error occurred at line: 18 in the jsp file: /index.jsp
out cannot be resolved
15: 		    		<%!
16: 				
17: 				for (int i = 0 ; i < 100; i++){
18: 					out.println(i);
19: 				}
20: 				%>
21: 		    </div>


An error occurred at line: 19 in the jsp file: /index.jsp
Syntax error, insert "}" to complete Block
16: 				
17: 				for (int i = 0 ; i < 100; i++){
18: 					out.println(i);
19: 				}
20: 				%>
21: 		    </div>
22: 	   </body>


Stacktrace:
	at org.apache.jasper.compiler.DefaultErrorHandler.javacError(DefaultErrorHandler.java:102)
	at org.apache.jasper.compiler.ErrorDispatcher.javacError(ErrorDispatcher.java:198)
	at org.apache.jasper.compiler.JDTCompiler.generateClass(JDTCompiler.java:450)
	at org.apache.jasper.compiler.Compiler.compile(Compiler.java:361)
	at org.apache.jasper.compiler.Compiler.compile(Compiler.java:336)
	at org.apache.jasper.compiler.Compiler.compile(Compiler.java:323)
	at org.apache.jasper.JspCompilationContext.compile(JspCompilationContext.java:585)
	at org.apache.jasper.servlet.JspServletWrapper.service(JspServletWrapper.java:363)
	at org.apache.jasper.servlet.JspServlet.serviceJspFile(JspServlet.java:396)
	at org.apache.jasper.servlet.JspServlet.service(JspServlet.java:340)
	at javax.servlet.http.HttpServlet.service(HttpServlet.java:729)
	at org.apache.catalina.core.ApplicationFilterChain.internalDoFilter(ApplicationFilterChain.java:291)
	at org.apache.catalina.core.ApplicationFilterChain.doFilter(ApplicationFilterChain.java:206)
	at org.apache.tomcat.websocket.server.WsFilter.doFilter(WsFilter.java:52)
	at org.apache.catalina.core.ApplicationFilterChain.internalDoFilter(ApplicationFilterChain.java:239)
	at org.apache.catalina.core.ApplicationFilterChain.doFilter(ApplicationFilterChain.java:206)
	at org.apache.catalina.core.StandardWrapperValve.invoke(StandardWrapperValve.java:219)
	at org.apache.catalina.core.StandardContextValve.invoke(StandardContextValve.java:106)
	at org.apache.catalina.authenticator.AuthenticatorBase.invoke(AuthenticatorBase.java:502)
	at org.apache.catalina.core.StandardHostValve.invoke(StandardHostValve.java:142)
	at org.apache.catalina.valves.ErrorReportValve.invoke(ErrorReportValve.java:79)
	at org.apache.catalina.valves.AbstractAccessLogValve.invoke(AbstractAccessLogValve.java:617)
	at org.apache.catalina.core.StandardEngineValve.invoke(StandardEngineValve.java:88)
	at org.apache.catalina.connector.CoyoteAdapter.service(CoyoteAdapter.java:518)
	at org.apache.coyote.http11.AbstractHttp11Processor.process(AbstractHttp11Processor.java:1091)
	at org.apache.coyote.AbstractProtocol$AbstractConnectionHandler.process(AbstractProtocol.java:668)
	at org.apache.tomcat.util.net.NioEndpoint$SocketProcessor.doRun(NioEndpoint.java:1527)
	at org.apache.tomcat.util.net.NioEndpoint$SocketProcessor.run(NioEndpoint.java:1484)
	at java.util.concurrent.ThreadPoolExecutor.runWorker(ThreadPoolExecutor.java:1142)
	at java.util.concurrent.ThreadPoolExecutor$Worker.run(ThreadPoolExecutor.java:617)
	at org.apache.tomcat.util.threads.TaskThread$WrappingRunnable.run(TaskThread.java:61)
	at java.lang.Thread.run(Thread.java:745)

30-Jul-2015 23:31:52.065 SEVERE [http-nio-8080-exec-1] org.apache.catalina.core.StandardWrapperValve.invoke Servlet.service() for servlet [jsp] in context with path [/calculator] threw exception [Unable to compile class for JSP: 

An error occurred at line: [17] in the generated java file: [/home/gleb/Projects/intern/lesson4/example/apache-tomcat-8.0.24/work/Catalina/localhost/calculator/org/apache/jsp/index_jsp.java]
Syntax error on token "{", { expected after this token

An error occurred at line: 17 in the jsp file: /index.jsp
out cannot be resolved
14: 		    		<%!
15: 				
16: 					for (int i = 0 ; i < 100; i++){
17: 						out.println(i);
18: 					}
19: 				%>
20: 		    </div>


An error occurred at line: 18 in the jsp file: /index.jsp
Syntax error, insert "}" to complete Block
15: 				
16: 					for (int i = 0 ; i < 100; i++){
17: 						out.println(i);
18: 					}
19: 				%>
20: 		    </div>
21: 	   </body>


Stacktrace:] with root cause
 org.apache.jasper.JasperException: Unable to compile class for JSP: 

An error occurred at line: [17] in the generated java file: [/home/gleb/Projects/intern/lesson4/example/apache-tomcat-8.0.24/work/Catalina/localhost/calculator/org/apache/jsp/index_jsp.java]
Syntax error on token "{", { expected after this token

An error occurred at line: 17 in the jsp file: /index.jsp
out cannot be resolved
14: 		    		<%!
15: 				
16: 					for (int i = 0 ; i < 100; i++){
17: 						out.println(i);
18: 					}
19: 				%>
20: 		    </div>


An error occurred at line: 18 in the jsp file: /index.jsp
Syntax error, insert "}" to complete Block
15: 				
16: 					for (int i = 0 ; i < 100; i++){
17: 						out.println(i);
18: 					}
19: 				%>
20: 		    </div>
21: 	   </body>


Stacktrace:
	at org.apache.jasper.compiler.DefaultErrorHandler.javacError(DefaultErrorHandler.java:102)
	at org.apache.jasper.compiler.ErrorDispatcher.javacError(ErrorDispatcher.java:198)
	at org.apache.jasper.compiler.JDTCompiler.generateClass(JDTCompiler.java:450)
	at org.apache.jasper.compiler.Compiler.compile(Compiler.java:361)
	at org.apache.jasper.compiler.Compiler.compile(Compiler.java:336)
	at org.apache.jasper.compiler.Compiler.compile(Compiler.java:323)
	at org.apache.jasper.JspCompilationContext.compile(JspCompilationContext.java:585)
	at org.apache.jasper.servlet.JspServletWrapper.service(JspServletWrapper.java:363)
	at org.apache.jasper.servlet.JspServlet.serviceJspFile(JspServlet.java:396)
	at org.apache.jasper.servlet.JspServlet.service(JspServlet.java:340)
	at javax.servlet.http.HttpServlet.service(HttpServlet.java:729)
	at org.apache.catalina.core.ApplicationFilterChain.internalDoFilter(ApplicationFilterChain.java:291)
	at org.apache.catalina.core.ApplicationFilterChain.doFilter(ApplicationFilterChain.java:206)
	at org.apache.tomcat.websocket.server.WsFilter.doFilter(WsFilter.java:52)
	at org.apache.catalina.core.ApplicationFilterChain.internalDoFilter(ApplicationFilterChain.java:239)
	at org.apache.catalina.core.ApplicationFilterChain.doFilter(ApplicationFilterChain.java:206)
	at org.apache.catalina.core.StandardWrapperValve.invoke(StandardWrapperValve.java:219)
	at org.apache.catalina.core.StandardContextValve.invoke(StandardContextValve.java:106)
	at org.apache.catalina.authenticator.AuthenticatorBase.invoke(AuthenticatorBase.java:502)
	at org.apache.catalina.core.StandardHostValve.invoke(StandardHostValve.java:142)
	at org.apache.catalina.valves.ErrorReportValve.invoke(ErrorReportValve.java:79)
	at org.apache.catalina.valves.AbstractAccessLogValve.invoke(AbstractAccessLogValve.java:617)
	at org.apache.catalina.core.StandardEngineValve.invoke(StandardEngineValve.java:88)
	at org.apache.catalina.connector.CoyoteAdapter.service(CoyoteAdapter.java:518)
	at org.apache.coyote.http11.AbstractHttp11Processor.process(AbstractHttp11Processor.java:1091)
	at org.apache.coyote.AbstractProtocol$AbstractConnectionHandler.process(AbstractProtocol.java:668)
	at org.apache.tomcat.util.net.NioEndpoint$SocketProcessor.doRun(NioEndpoint.java:1527)
	at org.apache.tomcat.util.net.NioEndpoint$SocketProcessor.run(NioEndpoint.java:1484)
	at java.util.concurrent.ThreadPoolExecutor.runWorker(ThreadPoolExecutor.java:1142)
	at java.util.concurrent.ThreadPoolExecutor$Worker.run(ThreadPoolExecutor.java:617)
	at org.apache.tomcat.util.threads.TaskThread$WrappingRunnable.run(TaskThread.java:61)
	at java.lang.Thread.run(Thread.java:745)

30-Jul-2015 23:33:06.630 SEVERE [http-nio-8080-exec-3] org.apache.catalina.core.StandardWrapperValve.invoke Servlet.service() for servlet [jsp] in context with path [/calculator] threw exception [Unable to compile class for JSP: 

An error occurred at line: [17] in the generated java file: [/home/gleb/Projects/intern/lesson4/example/apache-tomcat-8.0.24/work/Catalina/localhost/calculator/org/apache/jsp/index_jsp.java]
Syntax error on token "{", { expected after this token

An error occurred at line: 17 in the jsp file: /index.jsp
out cannot be resolved
14: 		    		<%!
15: 				
16: 					for (int i = 0 ; i < 100; i++){
17: 						out.println("test");
18: 					}
19: 				%>
20: 		    </div>


An error occurred at line: 18 in the jsp file: /index.jsp
Syntax error, insert "}" to complete Block
15: 				
16: 					for (int i = 0 ; i < 100; i++){
17: 						out.println("test");
18: 					}
19: 				%>
20: 		    </div>
21: 	   </body>


Stacktrace:] with root cause
 org.apache.jasper.JasperException: Unable to compile class for JSP: 

An error occurred at line: [17] in the generated java file: [/home/gleb/Projects/intern/lesson4/example/apache-tomcat-8.0.24/work/Catalina/localhost/calculator/org/apache/jsp/index_jsp.java]
Syntax error on token "{", { expected after this token

An error occurred at line: 17 in the jsp file: /index.jsp
out cannot be resolved
14: 		    		<%!
15: 				
16: 					for (int i = 0 ; i < 100; i++){
17: 						out.println("test");
18: 					}
19: 				%>
20: 		    </div>


An error occurred at line: 18 in the jsp file: /index.jsp
Syntax error, insert "}" to complete Block
15: 				
16: 					for (int i = 0 ; i < 100; i++){
17: 						out.println("test");
18: 					}
19: 				%>
20: 		    </div>
21: 	   </body>


Stacktrace:
	at org.apache.jasper.compiler.DefaultErrorHandler.javacError(DefaultErrorHandler.java:102)
	at org.apache.jasper.compiler.ErrorDispatcher.javacError(ErrorDispatcher.java:198)
	at org.apache.jasper.compiler.JDTCompiler.generateClass(JDTCompiler.java:450)
	at org.apache.jasper.compiler.Compiler.compile(Compiler.java:361)
	at org.apache.jasper.compiler.Compiler.compile(Compiler.java:336)
	at org.apache.jasper.compiler.Compiler.compile(Compiler.java:323)
	at org.apache.jasper.JspCompilationContext.compile(JspCompilationContext.java:585)
	at org.apache.jasper.servlet.JspServletWrapper.service(JspServletWrapper.java:363)
	at org.apache.jasper.servlet.JspServlet.serviceJspFile(JspServlet.java:396)
	at org.apache.jasper.servlet.JspServlet.service(JspServlet.java:340)
	at javax.servlet.http.HttpServlet.service(HttpServlet.java:729)
	at org.apache.catalina.core.ApplicationFilterChain.internalDoFilter(ApplicationFilterChain.java:291)
	at org.apache.catalina.core.ApplicationFilterChain.doFilter(ApplicationFilterChain.java:206)
	at org.apache.tomcat.websocket.server.WsFilter.doFilter(WsFilter.java:52)
	at org.apache.catalina.core.ApplicationFilterChain.internalDoFilter(ApplicationFilterChain.java:239)
	at org.apache.catalina.core.ApplicationFilterChain.doFilter(ApplicationFilterChain.java:206)
	at org.apache.catalina.core.StandardWrapperValve.invoke(StandardWrapperValve.java:219)
	at org.apache.catalina.core.StandardContextValve.invoke(StandardContextValve.java:106)
	at org.apache.catalina.authenticator.AuthenticatorBase.invoke(AuthenticatorBase.java:502)
	at org.apache.catalina.core.StandardHostValve.invoke(StandardHostValve.java:142)
	at org.apache.catalina.valves.ErrorReportValve.invoke(ErrorReportValve.java:79)
	at org.apache.catalina.valves.AbstractAccessLogValve.invoke(AbstractAccessLogValve.java:617)
	at org.apache.catalina.core.StandardEngineValve.invoke(StandardEngineValve.java:88)
	at org.apache.catalina.connector.CoyoteAdapter.service(CoyoteAdapter.java:518)
	at org.apache.coyote.http11.AbstractHttp11Processor.process(AbstractHttp11Processor.java:1091)
	at org.apache.coyote.AbstractProtocol$AbstractConnectionHandler.process(AbstractProtocol.java:668)
	at org.apache.tomcat.util.net.NioEndpoint$SocketProcessor.doRun(NioEndpoint.java:1527)
	at org.apache.tomcat.util.net.NioEndpoint$SocketProcessor.run(NioEndpoint.java:1484)
	at java.util.concurrent.ThreadPoolExecutor.runWorker(ThreadPoolExecutor.java:1142)
	at java.util.concurrent.ThreadPoolExecutor$Worker.run(ThreadPoolExecutor.java:617)
	at org.apache.tomcat.util.threads.TaskThread$WrappingRunnable.run(TaskThread.java:61)
	at java.lang.Thread.run(Thread.java:745)

30-Jul-2015 23:40:30.022 SEVERE [http-nio-8080-exec-5] org.apache.catalina.core.StandardWrapperValve.invoke Servlet.service() for servlet [jsp] in context with path [/calculator] threw exception [Unable to compile class for JSP: 

An error occurred at line: [17] in the generated java file: [/home/gleb/Projects/intern/lesson4/example/apache-tomcat-8.0.24/work/Catalina/localhost/calculator/org/apache/jsp/index_jsp.java]
Syntax error on token "{", { expected after this token

An error occurred at line: 17 in the jsp file: /index.jsp
The method println(String) is undefined for the type index_jsp
14: 		    		<%!
15: 				
16: 					for (int i = 0 ; i < 100; i++){
17: 						println("test");
18: 					}
19: 				%>
20: 		    </div>


An error occurred at line: 18 in the jsp file: /index.jsp
Syntax error, insert "}" to complete Block
15: 				
16: 					for (int i = 0 ; i < 100; i++){
17: 						println("test");
18: 					}
19: 				%>
20: 		    </div>
21: 	   </body>


Stacktrace:] with root cause
 org.apache.jasper.JasperException: Unable to compile class for JSP: 

An error occurred at line: [17] in the generated java file: [/home/gleb/Projects/intern/lesson4/example/apache-tomcat-8.0.24/work/Catalina/localhost/calculator/org/apache/jsp/index_jsp.java]
Syntax error on token "{", { expected after this token

An error occurred at line: 17 in the jsp file: /index.jsp
The method println(String) is undefined for the type index_jsp
14: 		    		<%!
15: 				
16: 					for (int i = 0 ; i < 100; i++){
17: 						println("test");
18: 					}
19: 				%>
20: 		    </div>


An error occurred at line: 18 in the jsp file: /index.jsp
Syntax error, insert "}" to complete Block
15: 				
16: 					for (int i = 0 ; i < 100; i++){
17: 						println("test");
18: 					}
19: 				%>
20: 		    </div>
21: 	   </body>


Stacktrace:
	at org.apache.jasper.compiler.DefaultErrorHandler.javacError(DefaultErrorHandler.java:102)
	at org.apache.jasper.compiler.ErrorDispatcher.javacError(ErrorDispatcher.java:198)
	at org.apache.jasper.compiler.JDTCompiler.generateClass(JDTCompiler.java:450)
	at org.apache.jasper.compiler.Compiler.compile(Compiler.java:361)
	at org.apache.jasper.compiler.Compiler.compile(Compiler.java:336)
	at org.apache.jasper.compiler.Compiler.compile(Compiler.java:323)
	at org.apache.jasper.JspCompilationContext.compile(JspCompilationContext.java:585)
	at org.apache.jasper.servlet.JspServletWrapper.service(JspServletWrapper.java:363)
	at org.apache.jasper.servlet.JspServlet.serviceJspFile(JspServlet.java:396)
	at org.apache.jasper.servlet.JspServlet.service(JspServlet.java:340)
	at javax.servlet.http.HttpServlet.service(HttpServlet.java:729)
	at org.apache.catalina.core.ApplicationFilterChain.internalDoFilter(ApplicationFilterChain.java:291)
	at org.apache.catalina.core.ApplicationFilterChain.doFilter(ApplicationFilterChain.java:206)
	at org.apache.tomcat.websocket.server.WsFilter.doFilter(WsFilter.java:52)
	at org.apache.catalina.core.ApplicationFilterChain.internalDoFilter(ApplicationFilterChain.java:239)
	at org.apache.catalina.core.ApplicationFilterChain.doFilter(ApplicationFilterChain.java:206)
	at org.apache.catalina.core.StandardWrapperValve.invoke(StandardWrapperValve.java:219)
	at org.apache.catalina.core.StandardContextValve.invoke(StandardContextValve.java:106)
	at org.apache.catalina.authenticator.AuthenticatorBase.invoke(AuthenticatorBase.java:502)
	at org.apache.catalina.core.StandardHostValve.invoke(StandardHostValve.java:142)
	at org.apache.catalina.valves.ErrorReportValve.invoke(ErrorReportValve.java:79)
	at org.apache.catalina.valves.AbstractAccessLogValve.invoke(AbstractAccessLogValve.java:617)
	at org.apache.catalina.core.StandardEngineValve.invoke(StandardEngineValve.java:88)
	at org.apache.catalina.connector.CoyoteAdapter.service(CoyoteAdapter.java:518)
	at org.apache.coyote.http11.AbstractHttp11Processor.process(AbstractHttp11Processor.java:1091)
	at org.apache.coyote.AbstractProtocol$AbstractConnectionHandler.process(AbstractProtocol.java:668)
	at org.apache.tomcat.util.net.NioEndpoint$SocketProcessor.doRun(NioEndpoint.java:1527)
	at org.apache.tomcat.util.net.NioEndpoint$SocketProcessor.run(NioEndpoint.java:1484)
	at java.util.concurrent.ThreadPoolExecutor.runWorker(ThreadPoolExecutor.java:1142)
	at java.util.concurrent.ThreadPoolExecutor$Worker.run(ThreadPoolExecutor.java:617)
	at org.apache.tomcat.util.threads.TaskThread$WrappingRunnable.run(TaskThread.java:61)
	at java.lang.Thread.run(Thread.java:745)

30-Jul-2015 23:40:40.188 SEVERE [http-nio-8080-exec-6] org.apache.catalina.core.StandardWrapperValve.invoke Servlet.service() for servlet [jsp] in context with path [/calculator] threw exception [Unable to compile class for JSP: 

An error occurred at line: [17] in the generated java file: [/home/gleb/Projects/intern/lesson4/example/apache-tomcat-8.0.24/work/Catalina/localhost/calculator/org/apache/jsp/index_jsp.java]
Syntax error on token "{", { expected after this token

An error occurred at line: 17 in the jsp file: /index.jsp
The method print(String) is undefined for the type index_jsp
14: 		    		<%!
15: 				
16: 					for (int i = 0 ; i < 100; i++){
17: 						print("test");
18: 					}
19: 				%>
20: 		    </div>


An error occurred at line: 18 in the jsp file: /index.jsp
Syntax error, insert "}" to complete Block
15: 				
16: 					for (int i = 0 ; i < 100; i++){
17: 						print("test");
18: 					}
19: 				%>
20: 		    </div>
21: 	   </body>


Stacktrace:] with root cause
 org.apache.jasper.JasperException: Unable to compile class for JSP: 

An error occurred at line: [17] in the generated java file: [/home/gleb/Projects/intern/lesson4/example/apache-tomcat-8.0.24/work/Catalina/localhost/calculator/org/apache/jsp/index_jsp.java]
Syntax error on token "{", { expected after this token

An error occurred at line: 17 in the jsp file: /index.jsp
The method print(String) is undefined for the type index_jsp
14: 		    		<%!
15: 				
16: 					for (int i = 0 ; i < 100; i++){
17: 						print("test");
18: 					}
19: 				%>
20: 		    </div>


An error occurred at line: 18 in the jsp file: /index.jsp
Syntax error, insert "}" to complete Block
15: 				
16: 					for (int i = 0 ; i < 100; i++){
17: 						print("test");
18: 					}
19: 				%>
20: 		    </div>
21: 	   </body>


Stacktrace:
	at org.apache.jasper.compiler.DefaultErrorHandler.javacError(DefaultErrorHandler.java:102)
	at org.apache.jasper.compiler.ErrorDispatcher.javacError(ErrorDispatcher.java:198)
	at org.apache.jasper.compiler.JDTCompiler.generateClass(JDTCompiler.java:450)
	at org.apache.jasper.compiler.Compiler.compile(Compiler.java:361)
	at org.apache.jasper.compiler.Compiler.compile(Compiler.java:336)
	at org.apache.jasper.compiler.Compiler.compile(Compiler.java:323)
	at org.apache.jasper.JspCompilationContext.compile(JspCompilationContext.java:585)
	at org.apache.jasper.servlet.JspServletWrapper.service(JspServletWrapper.java:363)
	at org.apache.jasper.servlet.JspServlet.serviceJspFile(JspServlet.java:396)
	at org.apache.jasper.servlet.JspServlet.service(JspServlet.java:340)
	at javax.servlet.http.HttpServlet.service(HttpServlet.java:729)
	at org.apache.catalina.core.ApplicationFilterChain.internalDoFilter(ApplicationFilterChain.java:291)
	at org.apache.catalina.core.ApplicationFilterChain.doFilter(ApplicationFilterChain.java:206)
	at org.apache.tomcat.websocket.server.WsFilter.doFilter(WsFilter.java:52)
	at org.apache.catalina.core.ApplicationFilterChain.internalDoFilter(ApplicationFilterChain.java:239)
	at org.apache.catalina.core.ApplicationFilterChain.doFilter(ApplicationFilterChain.java:206)
	at org.apache.catalina.core.StandardWrapperValve.invoke(StandardWrapperValve.java:219)
	at org.apache.catalina.core.StandardContextValve.invoke(StandardContextValve.java:106)
	at org.apache.catalina.authenticator.AuthenticatorBase.invoke(AuthenticatorBase.java:502)
	at org.apache.catalina.core.StandardHostValve.invoke(StandardHostValve.java:142)
	at org.apache.catalina.valves.ErrorReportValve.invoke(ErrorReportValve.java:79)
	at org.apache.catalina.valves.AbstractAccessLogValve.invoke(AbstractAccessLogValve.java:617)
	at org.apache.catalina.core.StandardEngineValve.invoke(StandardEngineValve.java:88)
	at org.apache.catalina.connector.CoyoteAdapter.service(CoyoteAdapter.java:518)
	at org.apache.coyote.http11.AbstractHttp11Processor.process(AbstractHttp11Processor.java:1091)
	at org.apache.coyote.AbstractProtocol$AbstractConnectionHandler.process(AbstractProtocol.java:668)
	at org.apache.tomcat.util.net.NioEndpoint$SocketProcessor.doRun(NioEndpoint.java:1527)
	at org.apache.tomcat.util.net.NioEndpoint$SocketProcessor.run(NioEndpoint.java:1484)
	at java.util.concurrent.ThreadPoolExecutor.runWorker(ThreadPoolExecutor.java:1142)
	at java.util.concurrent.ThreadPoolExecutor$Worker.run(ThreadPoolExecutor.java:617)
	at org.apache.tomcat.util.threads.TaskThread$WrappingRunnable.run(TaskThread.java:61)
	at java.lang.Thread.run(Thread.java:745)

30-Jul-2015 23:41:23.288 SEVERE [http-nio-8080-exec-8] org.apache.catalina.core.StandardWrapperValve.invoke Servlet.service() for servlet [jsp] in context with path [/calculator] threw exception [Unable to compile class for JSP: 

An error occurred at line: 15 in the jsp file: /index.jsp
Syntax error on token(s), misplaced construct(s)
12: 		    </div>
13: 		    <div>
14: 		    		<%!
15: 				out.println("test");
16: 				//	for (int i = 0 ; i < 100; i++){
17: 				//		print("test");
18: 				//	}


An error occurred at line: 15 in the jsp file: /index.jsp
Syntax error on token ""test"", delete this token
12: 		    </div>
13: 		    <div>
14: 		    		<%!
15: 				out.println("test");
16: 				//	for (int i = 0 ; i < 100; i++){
17: 				//		print("test");
18: 				//	}


Stacktrace:] with root cause
 org.apache.jasper.JasperException: Unable to compile class for JSP: 

An error occurred at line: 15 in the jsp file: /index.jsp
Syntax error on token(s), misplaced construct(s)
12: 		    </div>
13: 		    <div>
14: 		    		<%!
15: 				out.println("test");
16: 				//	for (int i = 0 ; i < 100; i++){
17: 				//		print("test");
18: 				//	}


An error occurred at line: 15 in the jsp file: /index.jsp
Syntax error on token ""test"", delete this token
12: 		    </div>
13: 		    <div>
14: 		    		<%!
15: 				out.println("test");
16: 				//	for (int i = 0 ; i < 100; i++){
17: 				//		print("test");
18: 				//	}


Stacktrace:
	at org.apache.jasper.compiler.DefaultErrorHandler.javacError(DefaultErrorHandler.java:102)
	at org.apache.jasper.compiler.ErrorDispatcher.javacError(ErrorDispatcher.java:198)
	at org.apache.jasper.compiler.JDTCompiler.generateClass(JDTCompiler.java:450)
	at org.apache.jasper.compiler.Compiler.compile(Compiler.java:361)
	at org.apache.jasper.compiler.Compiler.compile(Compiler.java:336)
	at org.apache.jasper.compiler.Compiler.compile(Compiler.java:323)
	at org.apache.jasper.JspCompilationContext.compile(JspCompilationContext.java:585)
	at org.apache.jasper.servlet.JspServletWrapper.service(JspServletWrapper.java:363)
	at org.apache.jasper.servlet.JspServlet.serviceJspFile(JspServlet.java:396)
	at org.apache.jasper.servlet.JspServlet.service(JspServlet.java:340)
	at javax.servlet.http.HttpServlet.service(HttpServlet.java:729)
	at org.apache.catalina.core.ApplicationFilterChain.internalDoFilter(ApplicationFilterChain.java:291)
	at org.apache.catalina.core.ApplicationFilterChain.doFilter(ApplicationFilterChain.java:206)
	at org.apache.tomcat.websocket.server.WsFilter.doFilter(WsFilter.java:52)
	at org.apache.catalina.core.ApplicationFilterChain.internalDoFilter(ApplicationFilterChain.java:239)
	at org.apache.catalina.core.ApplicationFilterChain.doFilter(ApplicationFilterChain.java:206)
	at org.apache.catalina.core.StandardWrapperValve.invoke(StandardWrapperValve.java:219)
	at org.apache.catalina.core.StandardContextValve.invoke(StandardContextValve.java:106)
	at org.apache.catalina.authenticator.AuthenticatorBase.invoke(AuthenticatorBase.java:502)
	at org.apache.catalina.core.StandardHostValve.invoke(StandardHostValve.java:142)
	at org.apache.catalina.valves.ErrorReportValve.invoke(ErrorReportValve.java:79)
	at org.apache.catalina.valves.AbstractAccessLogValve.invoke(AbstractAccessLogValve.java:617)
	at org.apache.catalina.core.StandardEngineValve.invoke(StandardEngineValve.java:88)
	at org.apache.catalina.connector.CoyoteAdapter.service(CoyoteAdapter.java:518)
	at org.apache.coyote.http11.AbstractHttp11Processor.process(AbstractHttp11Processor.java:1091)
	at org.apache.coyote.AbstractProtocol$AbstractConnectionHandler.process(AbstractProtocol.java:668)
	at org.apache.tomcat.util.net.NioEndpoint$SocketProcessor.doRun(NioEndpoint.java:1527)
	at org.apache.tomcat.util.net.NioEndpoint$SocketProcessor.run(NioEndpoint.java:1484)
	at java.util.concurrent.ThreadPoolExecutor.runWorker(ThreadPoolExecutor.java:1142)
	at java.util.concurrent.ThreadPoolExecutor$Worker.run(ThreadPoolExecutor.java:617)
	at org.apache.tomcat.util.threads.TaskThread$WrappingRunnable.run(TaskThread.java:61)
	at java.lang.Thread.run(Thread.java:745)

30-Jul-2015 23:41:40.386 SEVERE [http-nio-8080-exec-1] org.apache.catalina.core.StandardWrapperValve.invoke Servlet.service() for servlet [jsp] in context with path [/calculator] threw exception [Unable to compile class for JSP: 

An error occurred at line: 15 in the jsp file: /index.jsp
Syntax error on token(s), misplaced construct(s)
12: 		    </div>
13: 		    <div>
14: 		    		<%!
15: 				System.out.println("test");
16: 				//	for (int i = 0 ; i < 100; i++){
17: 				//		print("test");
18: 				//	}


An error occurred at line: 15 in the jsp file: /index.jsp
Syntax error on token ""test"", delete this token
12: 		    </div>
13: 		    <div>
14: 		    		<%!
15: 				System.out.println("test");
16: 				//	for (int i = 0 ; i < 100; i++){
17: 				//		print("test");
18: 				//	}


Stacktrace:] with root cause
 org.apache.jasper.JasperException: Unable to compile class for JSP: 

An error occurred at line: 15 in the jsp file: /index.jsp
Syntax error on token(s), misplaced construct(s)
12: 		    </div>
13: 		    <div>
14: 		    		<%!
15: 				System.out.println("test");
16: 				//	for (int i = 0 ; i < 100; i++){
17: 				//		print("test");
18: 				//	}


An error occurred at line: 15 in the jsp file: /index.jsp
Syntax error on token ""test"", delete this token
12: 		    </div>
13: 		    <div>
14: 		    		<%!
15: 				System.out.println("test");
16: 				//	for (int i = 0 ; i < 100; i++){
17: 				//		print("test");
18: 				//	}


Stacktrace:
	at org.apache.jasper.compiler.DefaultErrorHandler.javacError(DefaultErrorHandler.java:102)
	at org.apache.jasper.compiler.ErrorDispatcher.javacError(ErrorDispatcher.java:198)
	at org.apache.jasper.compiler.JDTCompiler.generateClass(JDTCompiler.java:450)
	at org.apache.jasper.compiler.Compiler.compile(Compiler.java:361)
	at org.apache.jasper.compiler.Compiler.compile(Compiler.java:336)
	at org.apache.jasper.compiler.Compiler.compile(Compiler.java:323)
	at org.apache.jasper.JspCompilationContext.compile(JspCompilationContext.java:585)
	at org.apache.jasper.servlet.JspServletWrapper.service(JspServletWrapper.java:363)
	at org.apache.jasper.servlet.JspServlet.serviceJspFile(JspServlet.java:396)
	at org.apache.jasper.servlet.JspServlet.service(JspServlet.java:340)
	at javax.servlet.http.HttpServlet.service(HttpServlet.java:729)
	at org.apache.catalina.core.ApplicationFilterChain.internalDoFilter(ApplicationFilterChain.java:291)
	at org.apache.catalina.core.ApplicationFilterChain.doFilter(ApplicationFilterChain.java:206)
	at org.apache.tomcat.websocket.server.WsFilter.doFilter(WsFilter.java:52)
	at org.apache.catalina.core.ApplicationFilterChain.internalDoFilter(ApplicationFilterChain.java:239)
	at org.apache.catalina.core.ApplicationFilterChain.doFilter(ApplicationFilterChain.java:206)
	at org.apache.catalina.core.StandardWrapperValve.invoke(StandardWrapperValve.java:219)
	at org.apache.catalina.core.StandardContextValve.invoke(StandardContextValve.java:106)
	at org.apache.catalina.authenticator.AuthenticatorBase.invoke(AuthenticatorBase.java:502)
	at org.apache.catalina.core.StandardHostValve.invoke(StandardHostValve.java:142)
	at org.apache.catalina.valves.ErrorReportValve.invoke(ErrorReportValve.java:79)
	at org.apache.catalina.valves.AbstractAccessLogValve.invoke(AbstractAccessLogValve.java:617)
	at org.apache.catalina.core.StandardEngineValve.invoke(StandardEngineValve.java:88)
	at org.apache.catalina.connector.CoyoteAdapter.service(CoyoteAdapter.java:518)
	at org.apache.coyote.http11.AbstractHttp11Processor.process(AbstractHttp11Processor.java:1091)
	at org.apache.coyote.AbstractProtocol$AbstractConnectionHandler.process(AbstractProtocol.java:668)
	at org.apache.tomcat.util.net.NioEndpoint$SocketProcessor.doRun(NioEndpoint.java:1527)
	at org.apache.tomcat.util.net.NioEndpoint$SocketProcessor.run(NioEndpoint.java:1484)
	at java.util.concurrent.ThreadPoolExecutor.runWorker(ThreadPoolExecutor.java:1142)
	at java.util.concurrent.ThreadPoolExecutor$Worker.run(ThreadPoolExecutor.java:617)
	at org.apache.tomcat.util.threads.TaskThread$WrappingRunnable.run(TaskThread.java:61)
	at java.lang.Thread.run(Thread.java:745)

30-Jul-2015 23:42:03.998 SEVERE [http-nio-8080-exec-6] org.apache.catalina.core.StandardWrapperValve.invoke Servlet.service() for servlet [jsp] in context with path [/calculator] threw exception [Unable to compile class for JSP: 

An error occurred at line: 15 in the jsp file: /index.jsp
Syntax error on token(s), misplaced construct(s)
12: 		    </div>
13: 		    <div>
14: 		    		<%!
15: 				System.out.println("test");
16: 				//	for (int i = 0 ; i < 100; i++){
17: 				//		print("test");
18: 				//	}


An error occurred at line: 15 in the jsp file: /index.jsp
Syntax error on token ""test"", delete this token
12: 		    </div>
13: 		    <div>
14: 		    		<%!
15: 				System.out.println("test");
16: 				//	for (int i = 0 ; i < 100; i++){
17: 				//		print("test");
18: 				//	}


Stacktrace:] with root cause
 org.apache.jasper.JasperException: Unable to compile class for JSP: 

An error occurred at line: 15 in the jsp file: /index.jsp
Syntax error on token(s), misplaced construct(s)
12: 		    </div>
13: 		    <div>
14: 		    		<%!
15: 				System.out.println("test");
16: 				//	for (int i = 0 ; i < 100; i++){
17: 				//		print("test");
18: 				//	}


An error occurred at line: 15 in the jsp file: /index.jsp
Syntax error on token ""test"", delete this token
12: 		    </div>
13: 		    <div>
14: 		    		<%!
15: 				System.out.println("test");
16: 				//	for (int i = 0 ; i < 100; i++){
17: 				//		print("test");
18: 				//	}


Stacktrace:
	at org.apache.jasper.compiler.DefaultErrorHandler.javacError(DefaultErrorHandler.java:102)
	at org.apache.jasper.compiler.ErrorDispatcher.javacError(ErrorDispatcher.java:198)
	at org.apache.jasper.compiler.JDTCompiler.generateClass(JDTCompiler.java:450)
	at org.apache.jasper.compiler.Compiler.compile(Compiler.java:361)
	at org.apache.jasper.compiler.Compiler.compile(Compiler.java:336)
	at org.apache.jasper.compiler.Compiler.compile(Compiler.java:323)
	at org.apache.jasper.JspCompilationContext.compile(JspCompilationContext.java:585)
	at org.apache.jasper.servlet.JspServletWrapper.service(JspServletWrapper.java:363)
	at org.apache.jasper.servlet.JspServlet.serviceJspFile(JspServlet.java:396)
	at org.apache.jasper.servlet.JspServlet.service(JspServlet.java:340)
	at javax.servlet.http.HttpServlet.service(HttpServlet.java:729)
	at org.apache.catalina.core.ApplicationFilterChain.internalDoFilter(ApplicationFilterChain.java:291)
	at org.apache.catalina.core.ApplicationFilterChain.doFilter(ApplicationFilterChain.java:206)
	at org.apache.tomcat.websocket.server.WsFilter.doFilter(WsFilter.java:52)
	at org.apache.catalina.core.ApplicationFilterChain.internalDoFilter(ApplicationFilterChain.java:239)
	at org.apache.catalina.core.ApplicationFilterChain.doFilter(ApplicationFilterChain.java:206)
	at org.apache.catalina.core.StandardWrapperValve.invoke(StandardWrapperValve.java:219)
	at org.apache.catalina.core.StandardContextValve.invoke(StandardContextValve.java:106)
	at org.apache.catalina.authenticator.AuthenticatorBase.invoke(AuthenticatorBase.java:502)
	at org.apache.catalina.core.StandardHostValve.invoke(StandardHostValve.java:142)
	at org.apache.catalina.valves.ErrorReportValve.invoke(ErrorReportValve.java:79)
	at org.apache.catalina.valves.AbstractAccessLogValve.invoke(AbstractAccessLogValve.java:617)
	at org.apache.catalina.core.StandardEngineValve.invoke(StandardEngineValve.java:88)
	at org.apache.catalina.connector.CoyoteAdapter.service(CoyoteAdapter.java:518)
	at org.apache.coyote.http11.AbstractHttp11Processor.process(AbstractHttp11Processor.java:1091)
	at org.apache.coyote.AbstractProtocol$AbstractConnectionHandler.process(AbstractProtocol.java:668)
	at org.apache.tomcat.util.net.NioEndpoint$SocketProcessor.doRun(NioEndpoint.java:1527)
	at org.apache.tomcat.util.net.NioEndpoint$SocketProcessor.run(NioEndpoint.java:1484)
	at java.util.concurrent.ThreadPoolExecutor.runWorker(ThreadPoolExecutor.java:1142)
	at java.util.concurrent.ThreadPoolExecutor$Worker.run(ThreadPoolExecutor.java:617)
	at org.apache.tomcat.util.threads.TaskThread$WrappingRunnable.run(TaskThread.java:61)
	at java.lang.Thread.run(Thread.java:745)

30-Jul-2015 23:43:42.808 SEVERE [http-nio-8080-exec-8] org.apache.catalina.core.StandardWrapperValve.invoke Servlet.service() for servlet [jsp] in context with path [/calculator] threw exception [Unable to compile class for JSP: 

An error occurred at line: 11 in the jsp file: /index.jsp
The method getTestString() is undefined for the type index_jsp
8: 		    <div>Test</div>
9: 		    <div>
10: 		    
11: 				<%=getTestString()%>
12: 		    </div>
13: 		    <div>
14: 		    		<%


An error occurred at line: 25 in the jsp file: /index.jsp
Syntax error on token "String", new expected
22: </html>
23: 
24: <%
25: 	String getTestString(){
26: 		return "test";
27: 	}
28: %>


An error occurred at line: 25 in the jsp file: /index.jsp
getTestString cannot be resolved to a type
22: </html>
23: 
24: <%
25: 	String getTestString(){
26: 		return "test";
27: 	}
28: %>


An error occurred at line: 25 in the jsp file: /index.jsp
Syntax error, insert ";" to complete Statement
22: </html>
23: 
24: <%
25: 	String getTestString(){
26: 		return "test";
27: 	}
28: %>


An error occurred at line: 26 in the jsp file: /index.jsp
Void methods cannot return a value
23: 
24: <%
25: 	String getTestString(){
26: 		return "test";
27: 	}
28: %>


Stacktrace:] with root cause
 org.apache.jasper.JasperException: Unable to compile class for JSP: 

An error occurred at line: 11 in the jsp file: /index.jsp
The method getTestString() is undefined for the type index_jsp
8: 		    <div>Test</div>
9: 		    <div>
10: 		    
11: 				<%=getTestString()%>
12: 		    </div>
13: 		    <div>
14: 		    		<%


An error occurred at line: 25 in the jsp file: /index.jsp
Syntax error on token "String", new expected
22: </html>
23: 
24: <%
25: 	String getTestString(){
26: 		return "test";
27: 	}
28: %>


An error occurred at line: 25 in the jsp file: /index.jsp
getTestString cannot be resolved to a type
22: </html>
23: 
24: <%
25: 	String getTestString(){
26: 		return "test";
27: 	}
28: %>


An error occurred at line: 25 in the jsp file: /index.jsp
Syntax error, insert ";" to complete Statement
22: </html>
23: 
24: <%
25: 	String getTestString(){
26: 		return "test";
27: 	}
28: %>


An error occurred at line: 26 in the jsp file: /index.jsp
Void methods cannot return a value
23: 
24: <%
25: 	String getTestString(){
26: 		return "test";
27: 	}
28: %>


Stacktrace:
	at org.apache.jasper.compiler.DefaultErrorHandler.javacError(DefaultErrorHandler.java:102)
	at org.apache.jasper.compiler.ErrorDispatcher.javacError(ErrorDispatcher.java:198)
	at org.apache.jasper.compiler.JDTCompiler.generateClass(JDTCompiler.java:450)
	at org.apache.jasper.compiler.Compiler.compile(Compiler.java:361)
	at org.apache.jasper.compiler.Compiler.compile(Compiler.java:336)
	at org.apache.jasper.compiler.Compiler.compile(Compiler.java:323)
	at org.apache.jasper.JspCompilationContext.compile(JspCompilationContext.java:585)
	at org.apache.jasper.servlet.JspServletWrapper.service(JspServletWrapper.java:363)
	at org.apache.jasper.servlet.JspServlet.serviceJspFile(JspServlet.java:396)
	at org.apache.jasper.servlet.JspServlet.service(JspServlet.java:340)
	at javax.servlet.http.HttpServlet.service(HttpServlet.java:729)
	at org.apache.catalina.core.ApplicationFilterChain.internalDoFilter(ApplicationFilterChain.java:291)
	at org.apache.catalina.core.ApplicationFilterChain.doFilter(ApplicationFilterChain.java:206)
	at org.apache.tomcat.websocket.server.WsFilter.doFilter(WsFilter.java:52)
	at org.apache.catalina.core.ApplicationFilterChain.internalDoFilter(ApplicationFilterChain.java:239)
	at org.apache.catalina.core.ApplicationFilterChain.doFilter(ApplicationFilterChain.java:206)
	at org.apache.catalina.core.StandardWrapperValve.invoke(StandardWrapperValve.java:219)
	at org.apache.catalina.core.StandardContextValve.invoke(StandardContextValve.java:106)
	at org.apache.catalina.authenticator.AuthenticatorBase.invoke(AuthenticatorBase.java:502)
	at org.apache.catalina.core.StandardHostValve.invoke(StandardHostValve.java:142)
	at org.apache.catalina.valves.ErrorReportValve.invoke(ErrorReportValve.java:79)
	at org.apache.catalina.valves.AbstractAccessLogValve.invoke(AbstractAccessLogValve.java:617)
	at org.apache.catalina.core.StandardEngineValve.invoke(StandardEngineValve.java:88)
	at org.apache.catalina.connector.CoyoteAdapter.service(CoyoteAdapter.java:518)
	at org.apache.coyote.http11.AbstractHttp11Processor.process(AbstractHttp11Processor.java:1091)
	at org.apache.coyote.AbstractProtocol$AbstractConnectionHandler.process(AbstractProtocol.java:668)
	at org.apache.tomcat.util.net.NioEndpoint$SocketProcessor.doRun(NioEndpoint.java:1527)
	at org.apache.tomcat.util.net.NioEndpoint$SocketProcessor.run(NioEndpoint.java:1484)
	at java.util.concurrent.ThreadPoolExecutor.runWorker(ThreadPoolExecutor.java:1142)
	at java.util.concurrent.ThreadPoolExecutor$Worker.run(ThreadPoolExecutor.java:617)
	at org.apache.tomcat.util.threads.TaskThread$WrappingRunnable.run(TaskThread.java:61)
	at java.lang.Thread.run(Thread.java:745)

30-Jul-2015 23:48:44.216 SEVERE [http-nio-8080-exec-7] org.apache.catalina.core.StandardWrapperValve.invoke Servlet.service() for servlet [jsp] in context with path [/calculator] threw exception [Unable to compile class for JSP: 

An error occurred at line: 32 in the jsp file: /index.jsp
The method getTestString cannot be declared static; static methods can only be declared in a static or top level type
29: 	}
30: 
31: 	public class TestStringContainer{
32: 		public static String getTestString(){
33: 			return "test2";
34: 		}
35: 	}


Stacktrace:] with root cause
 org.apache.jasper.JasperException: Unable to compile class for JSP: 

An error occurred at line: 32 in the jsp file: /index.jsp
The method getTestString cannot be declared static; static methods can only be declared in a static or top level type
29: 	}
30: 
31: 	public class TestStringContainer{
32: 		public static String getTestString(){
33: 			return "test2";
34: 		}
35: 	}


Stacktrace:
	at org.apache.jasper.compiler.DefaultErrorHandler.javacError(DefaultErrorHandler.java:102)
	at org.apache.jasper.compiler.ErrorDispatcher.javacError(ErrorDispatcher.java:198)
	at org.apache.jasper.compiler.JDTCompiler.generateClass(JDTCompiler.java:450)
	at org.apache.jasper.compiler.Compiler.compile(Compiler.java:361)
	at org.apache.jasper.compiler.Compiler.compile(Compiler.java:336)
	at org.apache.jasper.compiler.Compiler.compile(Compiler.java:323)
	at org.apache.jasper.JspCompilationContext.compile(JspCompilationContext.java:585)
	at org.apache.jasper.servlet.JspServletWrapper.service(JspServletWrapper.java:363)
	at org.apache.jasper.servlet.JspServlet.serviceJspFile(JspServlet.java:396)
	at org.apache.jasper.servlet.JspServlet.service(JspServlet.java:340)
	at javax.servlet.http.HttpServlet.service(HttpServlet.java:729)
	at org.apache.catalina.core.ApplicationFilterChain.internalDoFilter(ApplicationFilterChain.java:291)
	at org.apache.catalina.core.ApplicationFilterChain.doFilter(ApplicationFilterChain.java:206)
	at org.apache.tomcat.websocket.server.WsFilter.doFilter(WsFilter.java:52)
	at org.apache.catalina.core.ApplicationFilterChain.internalDoFilter(ApplicationFilterChain.java:239)
	at org.apache.catalina.core.ApplicationFilterChain.doFilter(ApplicationFilterChain.java:206)
	at org.apache.catalina.core.StandardWrapperValve.invoke(StandardWrapperValve.java:219)
	at org.apache.catalina.core.StandardContextValve.invoke(StandardContextValve.java:106)
	at org.apache.catalina.authenticator.AuthenticatorBase.invoke(AuthenticatorBase.java:502)
	at org.apache.catalina.core.StandardHostValve.invoke(StandardHostValve.java:142)
	at org.apache.catalina.valves.ErrorReportValve.invoke(ErrorReportValve.java:79)
	at org.apache.catalina.valves.AbstractAccessLogValve.invoke(AbstractAccessLogValve.java:617)
	at org.apache.catalina.core.StandardEngineValve.invoke(StandardEngineValve.java:88)
	at org.apache.catalina.connector.CoyoteAdapter.service(CoyoteAdapter.java:518)
	at org.apache.coyote.http11.AbstractHttp11Processor.process(AbstractHttp11Processor.java:1091)
	at org.apache.coyote.AbstractProtocol$AbstractConnectionHandler.process(AbstractProtocol.java:668)
	at org.apache.tomcat.util.net.NioEndpoint$SocketProcessor.doRun(NioEndpoint.java:1527)
	at org.apache.tomcat.util.net.NioEndpoint$SocketProcessor.run(NioEndpoint.java:1484)
	at java.util.concurrent.ThreadPoolExecutor.runWorker(ThreadPoolExecutor.java:1142)
	at java.util.concurrent.ThreadPoolExecutor$Worker.run(ThreadPoolExecutor.java:617)
	at org.apache.tomcat.util.threads.TaskThread$WrappingRunnable.run(TaskThread.java:61)
	at java.lang.Thread.run(Thread.java:745)

